<html>
<head>
<title>TestNG:  ReqRes Test Suit</title>
<link href="../testng.css" rel="stylesheet" type="text/css" />
<link href="../my-testng.css" rel="stylesheet" type="text/css" />

<style type="text/css">
.log { display: none;} 
.stack-trace { display: none;} 
</style>
<script type="text/javascript">
<!--
function flip(e) {
  current = e.style.display;
  if (current == 'block') {
    e.style.display = 'none';
    return 0;
  }
  else {
    e.style.display = 'block';
    return 1;
  }
}

function toggleBox(szDivId, elem, msg1, msg2)
{
  var res = -1;  if (document.getElementById) {
    res = flip(document.getElementById(szDivId));
  }
  else if (document.all) {
    // this is the way old msie versions work
    res = flip(document.all[szDivId]);
  }
  if(elem) {
    if(res == 0) elem.innerHTML = msg1; else elem.innerHTML = msg2;
  }

}

function toggleAllBoxes() {
  if (document.getElementsByTagName) {
    d = document.getElementsByTagName('div');
    for (i = 0; i < d.length; i++) {
      if (d[i].className == 'log') {
        flip(d[i]);
      }
    }
  }
}

// -->
</script>

</head>
<body>
<h2 align='center'>ReqRes Test Suit</h2><table border='1' align="center">
<tr>
<td>Tests passed/Failed/Skipped:</td><td>23/3/0</td>
</tr><tr>
<td>Started on:</td><td>Wed Apr 03 17:30:24 IST 2024</td>
</tr>
<tr><td>Total time:</td><td>526 seconds (526301 ms)</td>
</tr><tr>
<td>Included groups:</td><td></td>
</tr><tr>
<td>Excluded groups:</td><td></td>
</tr>
</table><p/>
<small><i>(Hover the method name to see the test class name)</i></small><p/>
<table width='100%' border='1' class='invocation-failed'>
<tr><td colspan='4' align='center'><b>FAILED TESTS</b></td></tr>
<tr><td><b>Test method</b></td>
<td width="30%"><b>Exception</b></td>
<td width="10%"><b>Time (seconds)</b></td>
<td><b>Instance</b></td>
</tr>
<tr>
<td title='com.connectsecure.test.ui.connectsecure.TestGlobalSettingsPage.testAddBackupSoftwareSetting()'><b>testAddBackupSoftwareSetting</b><br>Test class: com.connectsecure.test.ui.connectsecure.TestGlobalSettingsPage</td>
<td><div><pre>org.openqa.selenium.NoSuchElementException: no such element: Unable to locate element: {&quot;method&quot;:&quot;xpath&quot;,&quot;selector&quot;:&quot;//input[@name=&apos;globalSearch&apos;]&quot;}
  (Session info: chrome=123.0.6312.105)
For documentation on this error, please visit: https://www.selenium.dev/documentation/webdriver/troubleshooting/errors#no-such-element-exception
Build info: version: &apos;4.10.0&apos;, revision: &apos;c14d967899&apos;
System info: os.name: &apos;Mac OS X&apos;, os.arch: &apos;x86_64&apos;, os.version: &apos;12.7.3&apos;, java.version: &apos;22&apos;
Driver info: org.openqa.selenium.chrome.ChromeDriver
Command: [54f4bcd398f27ed7e22e0d6ddd46541e, findElement {using=xpath, value=//input[@name=&apos;globalSearch&apos;]}]
Capabilities {acceptInsecureCerts: false, browserName: chrome, browserVersion: 123.0.6312.105, chrome: {chromedriverVersion: 123.0.6312.58 (6b4b19e9dfbb..., userDataDir: /var/folders/1t/7s5nfm7n50d...}, fedcm:accounts: true, goog:chromeOptions: {debuggerAddress: localhost:58962}, networkConnectionEnabled: false, pageLoadStrategy: normal, platformName: mac, proxy: Proxy(), se:cdp: ws://localhost:58962/devtoo..., se:cdpVersion: 123.0.6312.105, setWindowRect: true, strictFileInteractability: false, timeouts: {implicit: 0, pageLoad: 300000, script: 30000}, unhandledPromptBehavior: dismiss and notify, webauthn:extension:credBlob: true, webauthn:extension:largeBlob: true, webauthn:extension:minPinLength: true, webauthn:extension:prf: true, webauthn:virtualAuthenticators: true}
Session ID: 54f4bcd398f27ed7e22e0d6ddd46541e
	at org.openqa.selenium.remote.codec.w3c.W3CHttpResponseCodec.createException(W3CHttpResponseCodec.java:199)
	at org.openqa.selenium.remote.codec.w3c.W3CHttpResponseCodec.decode(W3CHttpResponseCodec.java:132)
	at org.openqa.selenium.remote.codec.w3c.W3CHttpResponseCodec.decode(W3CHttpResponseCodec.java:51)
	at org.openqa.selenium.remote.HttpCommandExecutor.execute(HttpCommandExecutor.java:191)
	at org.openqa.selenium.remote.service.DriverCommandExecutor.invokeExecute(DriverCommandExecutor.java:196)
	at org.openqa.selenium.remote.service.DriverCommandExecutor.execute(DriverCommandExecutor.java:171)
	at org.openqa.selenium.remote.RemoteWebDriver.execute(RemoteWebDriver.java:531)
	at org.openqa.selenium.remote.ElementLocation$ElementFinder$2.findElement(ElementLocation.java:165)
	at org.openqa.selenium.remote.ElementLocation.findElement(ElementLocation.java:59)
	at org.openqa.selenium.remote.RemoteWebDriver.findElement(RemoteWebDriver.java:350)
	at org.openqa.selenium.remote.RemoteWebDriver.findElement(RemoteWebDriver.java:344)
	at org.openqa.selenium.support.pagefactory.DefaultElementLocator.findElement(DefaultElementLocator.java:68)
	at org.openqa.selenium.support.pagefactory.internal.LocatingElementHandler.invoke(LocatingElementHandler.java:38)
	at jdk.proxy2/jdk.proxy2.$Proxy16.isEnabled(Unknown Source)
	at com.base.utils.WebDriverFactory.sendKeys(WebDriverFactory.java:189)
	at com.base.helper.ui.connectsecure.GlobalSettingHelper.enterSoftwareNameToAddInExclude(GlobalSettingHelper.java:474)
	at com.connectsecure.test.ui.connectsecure.TestGlobalSettingsPage.testAddBackupSoftwareSetting(TestGlobalSettingsPage.java:173)
	at java.base/java.util.concurrent.ThreadPoolExecutor.runWorker(ThreadPoolExecutor.java:1144)
	at java.base/java.util.concurrent.ThreadPoolExecutor$Worker.run(ThreadPoolExecutor.java:642)
	at java.base/java.lang.Thread.run(Thread.java:1570)
... Removed 13 stack frames</pre></div><a href='#' onClick='toggleBox("stack-trace108629245", this, "Click to show all stack frames", "Click to hide stack frames")'>Click to show all stack frames</a>
<div class='stack-trace' id='stack-trace108629245'><pre>org.openqa.selenium.NoSuchElementException: no such element: Unable to locate element: {&quot;method&quot;:&quot;xpath&quot;,&quot;selector&quot;:&quot;//input[@name=&apos;globalSearch&apos;]&quot;}
  (Session info: chrome=123.0.6312.105)
For documentation on this error, please visit: https://www.selenium.dev/documentation/webdriver/troubleshooting/errors#no-such-element-exception
Build info: version: &apos;4.10.0&apos;, revision: &apos;c14d967899&apos;
System info: os.name: &apos;Mac OS X&apos;, os.arch: &apos;x86_64&apos;, os.version: &apos;12.7.3&apos;, java.version: &apos;22&apos;
Driver info: org.openqa.selenium.chrome.ChromeDriver
Command: [54f4bcd398f27ed7e22e0d6ddd46541e, findElement {using=xpath, value=//input[@name=&apos;globalSearch&apos;]}]
Capabilities {acceptInsecureCerts: false, browserName: chrome, browserVersion: 123.0.6312.105, chrome: {chromedriverVersion: 123.0.6312.58 (6b4b19e9dfbb..., userDataDir: /var/folders/1t/7s5nfm7n50d...}, fedcm:accounts: true, goog:chromeOptions: {debuggerAddress: localhost:58962}, networkConnectionEnabled: false, pageLoadStrategy: normal, platformName: mac, proxy: Proxy(), se:cdp: ws://localhost:58962/devtoo..., se:cdpVersion: 123.0.6312.105, setWindowRect: true, strictFileInteractability: false, timeouts: {implicit: 0, pageLoad: 300000, script: 30000}, unhandledPromptBehavior: dismiss and notify, webauthn:extension:credBlob: true, webauthn:extension:largeBlob: true, webauthn:extension:minPinLength: true, webauthn:extension:prf: true, webauthn:virtualAuthenticators: true}
Session ID: 54f4bcd398f27ed7e22e0d6ddd46541e
	at java.base/jdk.internal.reflect.DirectConstructorHandleAccessor.newInstance(DirectConstructorHandleAccessor.java:62)
	at java.base/java.lang.reflect.Constructor.newInstanceWithCaller(Constructor.java:502)
	at java.base/java.lang.reflect.Constructor.newInstance(Constructor.java:486)
	at org.openqa.selenium.remote.codec.w3c.W3CHttpResponseCodec.createException(W3CHttpResponseCodec.java:199)
	at org.openqa.selenium.remote.codec.w3c.W3CHttpResponseCodec.decode(W3CHttpResponseCodec.java:132)
	at org.openqa.selenium.remote.codec.w3c.W3CHttpResponseCodec.decode(W3CHttpResponseCodec.java:51)
	at org.openqa.selenium.remote.HttpCommandExecutor.execute(HttpCommandExecutor.java:191)
	at org.openqa.selenium.remote.service.DriverCommandExecutor.invokeExecute(DriverCommandExecutor.java:196)
	at org.openqa.selenium.remote.service.DriverCommandExecutor.execute(DriverCommandExecutor.java:171)
	at org.openqa.selenium.remote.RemoteWebDriver.execute(RemoteWebDriver.java:531)
	at org.openqa.selenium.remote.ElementLocation$ElementFinder$2.findElement(ElementLocation.java:165)
	at org.openqa.selenium.remote.ElementLocation.findElement(ElementLocation.java:59)
	at org.openqa.selenium.remote.RemoteWebDriver.findElement(RemoteWebDriver.java:350)
	at org.openqa.selenium.remote.RemoteWebDriver.findElement(RemoteWebDriver.java:344)
	at org.openqa.selenium.support.pagefactory.DefaultElementLocator.findElement(DefaultElementLocator.java:68)
	at org.openqa.selenium.support.pagefactory.internal.LocatingElementHandler.invoke(LocatingElementHandler.java:38)
	at jdk.proxy2/jdk.proxy2.$Proxy16.isEnabled(Unknown Source)
	at com.base.utils.WebDriverFactory.sendKeys(WebDriverFactory.java:189)
	at com.base.helper.ui.connectsecure.GlobalSettingHelper.enterSoftwareNameToAddInExclude(GlobalSettingHelper.java:474)
	at com.connectsecure.test.ui.connectsecure.TestGlobalSettingsPage.testAddBackupSoftwareSetting(TestGlobalSettingsPage.java:173)
	at java.base/jdk.internal.reflect.DirectMethodHandleAccessor.invoke(DirectMethodHandleAccessor.java:103)
	at java.base/java.lang.reflect.Method.invoke(Method.java:580)
	at org.testng.internal.MethodInvocationHelper.invokeMethod(MethodInvocationHelper.java:134)
	at org.testng.internal.TestInvoker.invokeMethod(TestInvoker.java:597)
	at org.testng.internal.TestInvoker.invokeTestMethod(TestInvoker.java:173)
	at org.testng.internal.MethodRunner.runInSequence(MethodRunner.java:46)
	at org.testng.internal.TestInvoker$MethodInvocationAgent.invoke(TestInvoker.java:816)
	at org.testng.internal.TestInvoker.invokeTestMethods(TestInvoker.java:146)
	at org.testng.internal.TestMethodWorker.invokeTestMethods(TestMethodWorker.java:146)
	at org.testng.internal.TestMethodWorker.run(TestMethodWorker.java:128)
	at java.base/java.util.concurrent.ThreadPoolExecutor.runWorker(ThreadPoolExecutor.java:1144)
	at java.base/java.util.concurrent.ThreadPoolExecutor$Worker.run(ThreadPoolExecutor.java:642)
	at java.base/java.lang.Thread.run(Thread.java:1570)
</pre></div></td>
<td>14</td>
<td>com.connectsecure.test.ui.connectsecure.TestGlobalSettingsPage@7bd69e82</td></tr>
<tr>
<td title='com.connectsecure.test.ui.connectsecure.TestGlobalSettingsPage.testAddSoftwareToExcludeAndRemove()'><b>testAddSoftwareToExcludeAndRemove</b><br>Test class: com.connectsecure.test.ui.connectsecure.TestGlobalSettingsPage</td>
<td><div><pre>org.openqa.selenium.NoSuchElementException: no such element: Unable to locate element: {&quot;method&quot;:&quot;xpath&quot;,&quot;selector&quot;:&quot;//input[@name=&apos;globalSearch&apos;]&quot;}
  (Session info: chrome=123.0.6312.105)
For documentation on this error, please visit: https://www.selenium.dev/documentation/webdriver/troubleshooting/errors#no-such-element-exception
Build info: version: &apos;4.10.0&apos;, revision: &apos;c14d967899&apos;
System info: os.name: &apos;Mac OS X&apos;, os.arch: &apos;x86_64&apos;, os.version: &apos;12.7.3&apos;, java.version: &apos;22&apos;
Driver info: org.openqa.selenium.chrome.ChromeDriver
Command: [54f4bcd398f27ed7e22e0d6ddd46541e, findElement {using=xpath, value=//input[@name=&apos;globalSearch&apos;]}]
Capabilities {acceptInsecureCerts: false, browserName: chrome, browserVersion: 123.0.6312.105, chrome: {chromedriverVersion: 123.0.6312.58 (6b4b19e9dfbb..., userDataDir: /var/folders/1t/7s5nfm7n50d...}, fedcm:accounts: true, goog:chromeOptions: {debuggerAddress: localhost:58962}, networkConnectionEnabled: false, pageLoadStrategy: normal, platformName: mac, proxy: Proxy(), se:cdp: ws://localhost:58962/devtoo..., se:cdpVersion: 123.0.6312.105, setWindowRect: true, strictFileInteractability: false, timeouts: {implicit: 0, pageLoad: 300000, script: 30000}, unhandledPromptBehavior: dismiss and notify, webauthn:extension:credBlob: true, webauthn:extension:largeBlob: true, webauthn:extension:minPinLength: true, webauthn:extension:prf: true, webauthn:virtualAuthenticators: true}
Session ID: 54f4bcd398f27ed7e22e0d6ddd46541e
	at org.openqa.selenium.remote.codec.w3c.W3CHttpResponseCodec.createException(W3CHttpResponseCodec.java:199)
	at org.openqa.selenium.remote.codec.w3c.W3CHttpResponseCodec.decode(W3CHttpResponseCodec.java:132)
	at org.openqa.selenium.remote.codec.w3c.W3CHttpResponseCodec.decode(W3CHttpResponseCodec.java:51)
	at org.openqa.selenium.remote.HttpCommandExecutor.execute(HttpCommandExecutor.java:191)
	at org.openqa.selenium.remote.service.DriverCommandExecutor.invokeExecute(DriverCommandExecutor.java:196)
	at org.openqa.selenium.remote.service.DriverCommandExecutor.execute(DriverCommandExecutor.java:171)
	at org.openqa.selenium.remote.RemoteWebDriver.execute(RemoteWebDriver.java:531)
	at org.openqa.selenium.remote.ElementLocation$ElementFinder$2.findElement(ElementLocation.java:165)
	at org.openqa.selenium.remote.ElementLocation.findElement(ElementLocation.java:59)
	at org.openqa.selenium.remote.RemoteWebDriver.findElement(RemoteWebDriver.java:350)
	at org.openqa.selenium.remote.RemoteWebDriver.findElement(RemoteWebDriver.java:344)
	at org.openqa.selenium.support.pagefactory.DefaultElementLocator.findElement(DefaultElementLocator.java:68)
	at org.openqa.selenium.support.pagefactory.internal.LocatingElementHandler.invoke(LocatingElementHandler.java:38)
	at jdk.proxy2/jdk.proxy2.$Proxy16.isEnabled(Unknown Source)
	at com.base.utils.WebDriverFactory.sendKeys(WebDriverFactory.java:189)
	at com.base.helper.ui.connectsecure.GlobalSettingHelper.enterSoftwareNameToAddInExclude(GlobalSettingHelper.java:474)
	at com.connectsecure.test.ui.connectsecure.TestGlobalSettingsPage.testAddSoftwareToExcludeAndRemove(TestGlobalSettingsPage.java:196)
	at java.base/java.util.concurrent.ThreadPoolExecutor.runWorker(ThreadPoolExecutor.java:1144)
	at java.base/java.util.concurrent.ThreadPoolExecutor$Worker.run(ThreadPoolExecutor.java:642)
	at java.base/java.lang.Thread.run(Thread.java:1570)
... Removed 13 stack frames</pre></div><a href='#' onClick='toggleBox("stack-trace879881567", this, "Click to show all stack frames", "Click to hide stack frames")'>Click to show all stack frames</a>
<div class='stack-trace' id='stack-trace879881567'><pre>org.openqa.selenium.NoSuchElementException: no such element: Unable to locate element: {&quot;method&quot;:&quot;xpath&quot;,&quot;selector&quot;:&quot;//input[@name=&apos;globalSearch&apos;]&quot;}
  (Session info: chrome=123.0.6312.105)
For documentation on this error, please visit: https://www.selenium.dev/documentation/webdriver/troubleshooting/errors#no-such-element-exception
Build info: version: &apos;4.10.0&apos;, revision: &apos;c14d967899&apos;
System info: os.name: &apos;Mac OS X&apos;, os.arch: &apos;x86_64&apos;, os.version: &apos;12.7.3&apos;, java.version: &apos;22&apos;
Driver info: org.openqa.selenium.chrome.ChromeDriver
Command: [54f4bcd398f27ed7e22e0d6ddd46541e, findElement {using=xpath, value=//input[@name=&apos;globalSearch&apos;]}]
Capabilities {acceptInsecureCerts: false, browserName: chrome, browserVersion: 123.0.6312.105, chrome: {chromedriverVersion: 123.0.6312.58 (6b4b19e9dfbb..., userDataDir: /var/folders/1t/7s5nfm7n50d...}, fedcm:accounts: true, goog:chromeOptions: {debuggerAddress: localhost:58962}, networkConnectionEnabled: false, pageLoadStrategy: normal, platformName: mac, proxy: Proxy(), se:cdp: ws://localhost:58962/devtoo..., se:cdpVersion: 123.0.6312.105, setWindowRect: true, strictFileInteractability: false, timeouts: {implicit: 0, pageLoad: 300000, script: 30000}, unhandledPromptBehavior: dismiss and notify, webauthn:extension:credBlob: true, webauthn:extension:largeBlob: true, webauthn:extension:minPinLength: true, webauthn:extension:prf: true, webauthn:virtualAuthenticators: true}
Session ID: 54f4bcd398f27ed7e22e0d6ddd46541e
	at java.base/jdk.internal.reflect.DirectConstructorHandleAccessor.newInstance(DirectConstructorHandleAccessor.java:62)
	at java.base/java.lang.reflect.Constructor.newInstanceWithCaller(Constructor.java:502)
	at java.base/java.lang.reflect.Constructor.newInstance(Constructor.java:486)
	at org.openqa.selenium.remote.codec.w3c.W3CHttpResponseCodec.createException(W3CHttpResponseCodec.java:199)
	at org.openqa.selenium.remote.codec.w3c.W3CHttpResponseCodec.decode(W3CHttpResponseCodec.java:132)
	at org.openqa.selenium.remote.codec.w3c.W3CHttpResponseCodec.decode(W3CHttpResponseCodec.java:51)
	at org.openqa.selenium.remote.HttpCommandExecutor.execute(HttpCommandExecutor.java:191)
	at org.openqa.selenium.remote.service.DriverCommandExecutor.invokeExecute(DriverCommandExecutor.java:196)
	at org.openqa.selenium.remote.service.DriverCommandExecutor.execute(DriverCommandExecutor.java:171)
	at org.openqa.selenium.remote.RemoteWebDriver.execute(RemoteWebDriver.java:531)
	at org.openqa.selenium.remote.ElementLocation$ElementFinder$2.findElement(ElementLocation.java:165)
	at org.openqa.selenium.remote.ElementLocation.findElement(ElementLocation.java:59)
	at org.openqa.selenium.remote.RemoteWebDriver.findElement(RemoteWebDriver.java:350)
	at org.openqa.selenium.remote.RemoteWebDriver.findElement(RemoteWebDriver.java:344)
	at org.openqa.selenium.support.pagefactory.DefaultElementLocator.findElement(DefaultElementLocator.java:68)
	at org.openqa.selenium.support.pagefactory.internal.LocatingElementHandler.invoke(LocatingElementHandler.java:38)
	at jdk.proxy2/jdk.proxy2.$Proxy16.isEnabled(Unknown Source)
	at com.base.utils.WebDriverFactory.sendKeys(WebDriverFactory.java:189)
	at com.base.helper.ui.connectsecure.GlobalSettingHelper.enterSoftwareNameToAddInExclude(GlobalSettingHelper.java:474)
	at com.connectsecure.test.ui.connectsecure.TestGlobalSettingsPage.testAddSoftwareToExcludeAndRemove(TestGlobalSettingsPage.java:196)
	at java.base/jdk.internal.reflect.DirectMethodHandleAccessor.invoke(DirectMethodHandleAccessor.java:103)
	at java.base/java.lang.reflect.Method.invoke(Method.java:580)
	at org.testng.internal.MethodInvocationHelper.invokeMethod(MethodInvocationHelper.java:134)
	at org.testng.internal.TestInvoker.invokeMethod(TestInvoker.java:597)
	at org.testng.internal.TestInvoker.invokeTestMethod(TestInvoker.java:173)
	at org.testng.internal.MethodRunner.runInSequence(MethodRunner.java:46)
	at org.testng.internal.TestInvoker$MethodInvocationAgent.invoke(TestInvoker.java:816)
	at org.testng.internal.TestInvoker.invokeTestMethods(TestInvoker.java:146)
	at org.testng.internal.TestMethodWorker.invokeTestMethods(TestMethodWorker.java:146)
	at org.testng.internal.TestMethodWorker.run(TestMethodWorker.java:128)
	at java.base/java.util.concurrent.ThreadPoolExecutor.runWorker(ThreadPoolExecutor.java:1144)
	at java.base/java.util.concurrent.ThreadPoolExecutor$Worker.run(ThreadPoolExecutor.java:642)
	at java.base/java.lang.Thread.run(Thread.java:1570)
</pre></div></td>
<td>1</td>
<td>com.connectsecure.test.ui.connectsecure.TestGlobalSettingsPage@7bd69e82</td></tr>
<tr>
<td title='com.connectsecure.test.ui.connectsecure.TestGlobalSettingsPage.testPortsPolicySetting()'><b>testPortsPolicySetting</b><br>Test class: com.connectsecure.test.ui.connectsecure.TestGlobalSettingsPage</td>
<td><div><pre>org.openqa.selenium.NoSuchElementException: no such element: Unable to locate element: {&quot;method&quot;:&quot;xpath&quot;,&quot;selector&quot;:&quot;//*[contains(text(),&apos;cancel&apos;)]&quot;}
  (Session info: chrome=123.0.6312.105)
For documentation on this error, please visit: https://www.selenium.dev/documentation/webdriver/troubleshooting/errors#no-such-element-exception
Build info: version: &apos;4.10.0&apos;, revision: &apos;c14d967899&apos;
System info: os.name: &apos;Mac OS X&apos;, os.arch: &apos;x86_64&apos;, os.version: &apos;12.7.3&apos;, java.version: &apos;22&apos;
Driver info: org.openqa.selenium.chrome.ChromeDriver
Command: [54f4bcd398f27ed7e22e0d6ddd46541e, findElement {using=xpath, value=//*[contains(text(),&apos;cancel&apos;)]}]
Capabilities {acceptInsecureCerts: false, browserName: chrome, browserVersion: 123.0.6312.105, chrome: {chromedriverVersion: 123.0.6312.58 (6b4b19e9dfbb..., userDataDir: /var/folders/1t/7s5nfm7n50d...}, fedcm:accounts: true, goog:chromeOptions: {debuggerAddress: localhost:58962}, networkConnectionEnabled: false, pageLoadStrategy: normal, platformName: mac, proxy: Proxy(), se:cdp: ws://localhost:58962/devtoo..., se:cdpVersion: 123.0.6312.105, setWindowRect: true, strictFileInteractability: false, timeouts: {implicit: 0, pageLoad: 300000, script: 30000}, unhandledPromptBehavior: dismiss and notify, webauthn:extension:credBlob: true, webauthn:extension:largeBlob: true, webauthn:extension:minPinLength: true, webauthn:extension:prf: true, webauthn:virtualAuthenticators: true}
Session ID: 54f4bcd398f27ed7e22e0d6ddd46541e
	at org.openqa.selenium.remote.codec.w3c.W3CHttpResponseCodec.createException(W3CHttpResponseCodec.java:199)
	at org.openqa.selenium.remote.codec.w3c.W3CHttpResponseCodec.decode(W3CHttpResponseCodec.java:132)
	at org.openqa.selenium.remote.codec.w3c.W3CHttpResponseCodec.decode(W3CHttpResponseCodec.java:51)
	at org.openqa.selenium.remote.HttpCommandExecutor.execute(HttpCommandExecutor.java:191)
	at org.openqa.selenium.remote.service.DriverCommandExecutor.invokeExecute(DriverCommandExecutor.java:196)
	at org.openqa.selenium.remote.service.DriverCommandExecutor.execute(DriverCommandExecutor.java:171)
	at org.openqa.selenium.remote.RemoteWebDriver.execute(RemoteWebDriver.java:531)
	at org.openqa.selenium.remote.ElementLocation$ElementFinder$2.findElement(ElementLocation.java:165)
	at org.openqa.selenium.remote.ElementLocation.findElement(ElementLocation.java:59)
	at org.openqa.selenium.remote.RemoteWebDriver.findElement(RemoteWebDriver.java:350)
	at org.openqa.selenium.remote.RemoteWebDriver.findElement(RemoteWebDriver.java:344)
	at org.openqa.selenium.support.pagefactory.DefaultElementLocator.findElement(DefaultElementLocator.java:68)
	at org.openqa.selenium.support.pagefactory.internal.LocatingElementHandler.invoke(LocatingElementHandler.java:38)
	at jdk.proxy2/jdk.proxy2.$Proxy16.isEnabled(Unknown Source)
	at com.base.utils.WebDriverFactory.clickWebElement(WebDriverFactory.java:150)
	at com.base.helper.ui.connectsecure.GlobalSettingHelper.enterInsecurePortsId(GlobalSettingHelper.java:146)
	at com.connectsecure.test.ui.connectsecure.TestGlobalSettingsPage.testPortsPolicySetting(TestGlobalSettingsPage.java:103)
	at java.base/java.util.concurrent.ThreadPoolExecutor.runWorker(ThreadPoolExecutor.java:1144)
	at java.base/java.util.concurrent.ThreadPoolExecutor$Worker.run(ThreadPoolExecutor.java:642)
	at java.base/java.lang.Thread.run(Thread.java:1570)
... Removed 13 stack frames</pre></div><a href='#' onClick='toggleBox("stack-trace111506951", this, "Click to show all stack frames", "Click to hide stack frames")'>Click to show all stack frames</a>
<div class='stack-trace' id='stack-trace111506951'><pre>org.openqa.selenium.NoSuchElementException: no such element: Unable to locate element: {&quot;method&quot;:&quot;xpath&quot;,&quot;selector&quot;:&quot;//*[contains(text(),&apos;cancel&apos;)]&quot;}
  (Session info: chrome=123.0.6312.105)
For documentation on this error, please visit: https://www.selenium.dev/documentation/webdriver/troubleshooting/errors#no-such-element-exception
Build info: version: &apos;4.10.0&apos;, revision: &apos;c14d967899&apos;
System info: os.name: &apos;Mac OS X&apos;, os.arch: &apos;x86_64&apos;, os.version: &apos;12.7.3&apos;, java.version: &apos;22&apos;
Driver info: org.openqa.selenium.chrome.ChromeDriver
Command: [54f4bcd398f27ed7e22e0d6ddd46541e, findElement {using=xpath, value=//*[contains(text(),&apos;cancel&apos;)]}]
Capabilities {acceptInsecureCerts: false, browserName: chrome, browserVersion: 123.0.6312.105, chrome: {chromedriverVersion: 123.0.6312.58 (6b4b19e9dfbb..., userDataDir: /var/folders/1t/7s5nfm7n50d...}, fedcm:accounts: true, goog:chromeOptions: {debuggerAddress: localhost:58962}, networkConnectionEnabled: false, pageLoadStrategy: normal, platformName: mac, proxy: Proxy(), se:cdp: ws://localhost:58962/devtoo..., se:cdpVersion: 123.0.6312.105, setWindowRect: true, strictFileInteractability: false, timeouts: {implicit: 0, pageLoad: 300000, script: 30000}, unhandledPromptBehavior: dismiss and notify, webauthn:extension:credBlob: true, webauthn:extension:largeBlob: true, webauthn:extension:minPinLength: true, webauthn:extension:prf: true, webauthn:virtualAuthenticators: true}
Session ID: 54f4bcd398f27ed7e22e0d6ddd46541e
	at java.base/jdk.internal.reflect.DirectConstructorHandleAccessor.newInstance(DirectConstructorHandleAccessor.java:62)
	at java.base/java.lang.reflect.Constructor.newInstanceWithCaller(Constructor.java:502)
	at java.base/java.lang.reflect.Constructor.newInstance(Constructor.java:486)
	at org.openqa.selenium.remote.codec.w3c.W3CHttpResponseCodec.createException(W3CHttpResponseCodec.java:199)
	at org.openqa.selenium.remote.codec.w3c.W3CHttpResponseCodec.decode(W3CHttpResponseCodec.java:132)
	at org.openqa.selenium.remote.codec.w3c.W3CHttpResponseCodec.decode(W3CHttpResponseCodec.java:51)
	at org.openqa.selenium.remote.HttpCommandExecutor.execute(HttpCommandExecutor.java:191)
	at org.openqa.selenium.remote.service.DriverCommandExecutor.invokeExecute(DriverCommandExecutor.java:196)
	at org.openqa.selenium.remote.service.DriverCommandExecutor.execute(DriverCommandExecutor.java:171)
	at org.openqa.selenium.remote.RemoteWebDriver.execute(RemoteWebDriver.java:531)
	at org.openqa.selenium.remote.ElementLocation$ElementFinder$2.findElement(ElementLocation.java:165)
	at org.openqa.selenium.remote.ElementLocation.findElement(ElementLocation.java:59)
	at org.openqa.selenium.remote.RemoteWebDriver.findElement(RemoteWebDriver.java:350)
	at org.openqa.selenium.remote.RemoteWebDriver.findElement(RemoteWebDriver.java:344)
	at org.openqa.selenium.support.pagefactory.DefaultElementLocator.findElement(DefaultElementLocator.java:68)
	at org.openqa.selenium.support.pagefactory.internal.LocatingElementHandler.invoke(LocatingElementHandler.java:38)
	at jdk.proxy2/jdk.proxy2.$Proxy16.isEnabled(Unknown Source)
	at com.base.utils.WebDriverFactory.clickWebElement(WebDriverFactory.java:150)
	at com.base.helper.ui.connectsecure.GlobalSettingHelper.enterInsecurePortsId(GlobalSettingHelper.java:146)
	at com.connectsecure.test.ui.connectsecure.TestGlobalSettingsPage.testPortsPolicySetting(TestGlobalSettingsPage.java:103)
	at java.base/jdk.internal.reflect.DirectMethodHandleAccessor.invoke(DirectMethodHandleAccessor.java:103)
	at java.base/java.lang.reflect.Method.invoke(Method.java:580)
	at org.testng.internal.MethodInvocationHelper.invokeMethod(MethodInvocationHelper.java:134)
	at org.testng.internal.TestInvoker.invokeMethod(TestInvoker.java:597)
	at org.testng.internal.TestInvoker.invokeTestMethod(TestInvoker.java:173)
	at org.testng.internal.MethodRunner.runInSequence(MethodRunner.java:46)
	at org.testng.internal.TestInvoker$MethodInvocationAgent.invoke(TestInvoker.java:816)
	at org.testng.internal.TestInvoker.invokeTestMethods(TestInvoker.java:146)
	at org.testng.internal.TestMethodWorker.invokeTestMethods(TestMethodWorker.java:146)
	at org.testng.internal.TestMethodWorker.run(TestMethodWorker.java:128)
	at java.base/java.util.concurrent.ThreadPoolExecutor.runWorker(ThreadPoolExecutor.java:1144)
	at java.base/java.util.concurrent.ThreadPoolExecutor$Worker.run(ThreadPoolExecutor.java:642)
	at java.base/java.lang.Thread.run(Thread.java:1570)
</pre></div></td>
<td>25</td>
<td>com.connectsecure.test.ui.connectsecure.TestGlobalSettingsPage@7bd69e82</td></tr>
</table><p>
<table width='100%' border='1' class='invocation-passed'>
<tr><td colspan='4' align='center'><b>PASSED TESTS</b></td></tr>
<tr><td><b>Test method</b></td>
<td width="30%"><b>Exception</b></td>
<td width="10%"><b>Time (seconds)</b></td>
<td><b>Instance</b></td>
</tr>
<tr>
<td title='com.connectsecure.test.ui.connectsecure.TestGlobalSettingsPage.testAddEdrApplicationSetting()'><b>testAddEdrApplicationSetting</b><br>Test class: com.connectsecure.test.ui.connectsecure.TestGlobalSettingsPage</td>
<td></td>
<td>14</td>
<td>com.connectsecure.test.ui.connectsecure.TestGlobalSettingsPage@7bd69e82</td></tr>
<tr>
<td title='com.connectsecure.test.ui.connectsecure.TestTagRulePage.testAddTagRule()'><b>testAddTagRule</b><br>Test class: com.connectsecure.test.ui.connectsecure.TestTagRulePage</td>
<td></td>
<td>22</td>
<td>com.connectsecure.test.ui.connectsecure.TestTagRulePage@74d7184a</td></tr>
<tr>
<td title='com.connectsecure.test.ui.connectsecure.TestGlobalSettingsPage.testBackupExcludeSetting()'><b>testBackupExcludeSetting</b><br>Test class: com.connectsecure.test.ui.connectsecure.TestGlobalSettingsPage</td>
<td></td>
<td>16</td>
<td>com.connectsecure.test.ui.connectsecure.TestGlobalSettingsPage@7bd69e82</td></tr>
<tr>
<td title='com.connectsecure.test.ui.connectsecure.TestGlobalSettingsPage.testComplianceScanSettings()'><b>testComplianceScanSettings</b><br>Test class: com.connectsecure.test.ui.connectsecure.TestGlobalSettingsPage</td>
<td></td>
<td>11</td>
<td>com.connectsecure.test.ui.connectsecure.TestGlobalSettingsPage@7bd69e82</td></tr>
<tr>
<td title='com.connectsecure.test.ui.connectsecure.TestCreateCompanyPage.testCreateCompany()'><b>testCreateCompany</b><br>Test class: com.connectsecure.test.ui.connectsecure.TestCreateCompanyPage</td>
<td></td>
<td>16</td>
<td>com.connectsecure.test.ui.connectsecure.TestCreateCompanyPage@4ced35ed</td></tr>
<tr>
<td title='com.connectsecure.test.ui.connectsecure.TestGlobalSettingsPage.testCustomDateFormatSetting()'><b>testCustomDateFormatSetting</b><br>Test class: com.connectsecure.test.ui.connectsecure.TestGlobalSettingsPage</td>
<td></td>
<td>7</td>
<td>com.connectsecure.test.ui.connectsecure.TestGlobalSettingsPage@7bd69e82</td></tr>
<tr>
<td title='com.connectsecure.test.ui.connectsecure.TestDeleteCompanyPage.testDeleteCompany()'><b>testDeleteCompany</b><br>Test class: com.connectsecure.test.ui.connectsecure.TestDeleteCompanyPage</td>
<td></td>
<td>11</td>
<td>com.connectsecure.test.ui.connectsecure.TestDeleteCompanyPage@2c22a348</td></tr>
<tr>
<td title='com.connectsecure.test.ui.connectsecure.TestGlobalSettingsPage.testDepricationDaysSetting()'><b>testDepricationDaysSetting</b><br>Test class: com.connectsecure.test.ui.connectsecure.TestGlobalSettingsPage</td>
<td></td>
<td>12</td>
<td>com.connectsecure.test.ui.connectsecure.TestGlobalSettingsPage@7bd69e82</td></tr>
<tr>
<td title='com.connectsecure.test.ui.connectsecure.TestGlobalSettingsPage.testEdrExcludeSetting()'><b>testEdrExcludeSetting</b><br>Test class: com.connectsecure.test.ui.connectsecure.TestGlobalSettingsPage</td>
<td></td>
<td>22</td>
<td>com.connectsecure.test.ui.connectsecure.TestGlobalSettingsPage@7bd69e82</td></tr>
<tr>
<td title='com.connectsecure.test.ui.connectsecure.TestGenralSettingsPage.testGenralSetting()'><b>testGenralSetting</b><br>Test class: com.connectsecure.test.ui.connectsecure.TestGenralSettingsPage</td>
<td></td>
<td>4</td>
<td>com.connectsecure.test.ui.connectsecure.TestGenralSettingsPage@12f3afb5</td></tr>
<tr>
<td title='com.connectsecure.test.ui.connectsecure.TestLogInPage.testLogIn()'><b>testLogIn</b><br>Test class: com.connectsecure.test.ui.connectsecure.TestLogInPage</td>
<td></td>
<td>29</td>
<td>com.connectsecure.test.ui.connectsecure.TestLogInPage@1e392345</td></tr>
<tr>
<td title='com.connectsecure.test.ui.connectsecure.TestCreateCompanyPage.testLogIn()'><b>testLogIn</b><br>Test class: com.connectsecure.test.ui.connectsecure.TestCreateCompanyPage</td>
<td></td>
<td>28</td>
<td>com.connectsecure.test.ui.connectsecure.TestCreateCompanyPage@4ced35ed</td></tr>
<tr>
<td title='com.connectsecure.test.ui.connectsecure.TestDeleteCompanyPage.testLogIn()'><b>testLogIn</b><br>Test class: com.connectsecure.test.ui.connectsecure.TestDeleteCompanyPage</td>
<td></td>
<td>28</td>
<td>com.connectsecure.test.ui.connectsecure.TestDeleteCompanyPage@2c22a348</td></tr>
<tr>
<td title='com.connectsecure.test.ui.connectsecure.TestGenralSettingsPage.testLogIn()'><b>testLogIn</b><br>Test class: com.connectsecure.test.ui.connectsecure.TestGenralSettingsPage</td>
<td></td>
<td>28</td>
<td>com.connectsecure.test.ui.connectsecure.TestGenralSettingsPage@12f3afb5</td></tr>
<tr>
<td title='com.connectsecure.test.ui.connectsecure.TestGlobalSettingsPage.testLogIn()'><b>testLogIn</b><br>Test class: com.connectsecure.test.ui.connectsecure.TestGlobalSettingsPage</td>
<td></td>
<td>27</td>
<td>com.connectsecure.test.ui.connectsecure.TestGlobalSettingsPage@7bd69e82</td></tr>
<tr>
<td title='com.connectsecure.test.ui.connectsecure.TestTagRulePage.testLogIn()'><b>testLogIn</b><br>Test class: com.connectsecure.test.ui.connectsecure.TestTagRulePage</td>
<td></td>
<td>27</td>
<td>com.connectsecure.test.ui.connectsecure.TestTagRulePage@74d7184a</td></tr>
<tr>
<td title='com.connectsecure.test.ui.connectsecure.TestGlobalSettingsPage.testLwAgentScanSetting()'><b>testLwAgentScanSetting</b><br>Test class: com.connectsecure.test.ui.connectsecure.TestGlobalSettingsPage</td>
<td></td>
<td>9</td>
<td>com.connectsecure.test.ui.connectsecure.TestGlobalSettingsPage@7bd69e82</td></tr>
<tr>
<td title='com.connectsecure.test.ui.connectsecure.TestGlobalSettingsPage.testSessionTimeoutSetting()'><b>testSessionTimeoutSetting</b><br>Test class: com.connectsecure.test.ui.connectsecure.TestGlobalSettingsPage</td>
<td></td>
<td>9</td>
<td>com.connectsecure.test.ui.connectsecure.TestGlobalSettingsPage@7bd69e82</td></tr>
<tr>
<td title='com.connectsecure.test.ui.connectsecure.TestTagRulePage.testTagActionDelete()'><b>testTagActionDelete</b><br>Test class: com.connectsecure.test.ui.connectsecure.TestTagRulePage</td>
<td></td>
<td>9</td>
<td>com.connectsecure.test.ui.connectsecure.TestTagRulePage@74d7184a</td></tr>
<tr>
<td title='com.connectsecure.test.ui.connectsecure.TestTagRulePage.testTagActionEdit()'><b>testTagActionEdit</b><br>Test class: com.connectsecure.test.ui.connectsecure.TestTagRulePage</td>
<td></td>
<td>20</td>
<td>com.connectsecure.test.ui.connectsecure.TestTagRulePage@74d7184a</td></tr>
<tr>
<td title='com.connectsecure.test.ui.connectsecure.TestGlobalSettingsPage.testTimezoneSetting()'><b>testTimezoneSetting</b><br>Test class: com.connectsecure.test.ui.connectsecure.TestGlobalSettingsPage</td>
<td></td>
<td>7</td>
<td>com.connectsecure.test.ui.connectsecure.TestGlobalSettingsPage@7bd69e82</td></tr>
<tr>
<td title='com.connectsecure.test.ui.connectsecure.TestGenralSettingsPage.testToggleToDarkTheme()'><b>testToggleToDarkTheme</b><br>Test class: com.connectsecure.test.ui.connectsecure.TestGenralSettingsPage</td>
<td></td>
<td>2</td>
<td>com.connectsecure.test.ui.connectsecure.TestGenralSettingsPage@12f3afb5</td></tr>
<tr>
<td title='com.connectsecure.test.ui.connectsecure.TestGlobalSettingsPage.testWhiteLabelSetting()'><b>testWhiteLabelSetting</b><br>Test class: com.connectsecure.test.ui.connectsecure.TestGlobalSettingsPage</td>
<td></td>
<td>12</td>
<td>com.connectsecure.test.ui.connectsecure.TestGlobalSettingsPage@7bd69e82</td></tr>
</table><p>
</body>
</html>