<?xml version="1.0" encoding="UTF-8"?>
<!-- Generated by org.testng.reporters.JUnitXMLReporter -->
<testsuite ignored="0" hostname="apples-MacBook-Air-4.local" failures="3" tests="26" name="ReqRes Test Suit" time="526.301" errors="0" timestamp="2024-04-03T17:39:11 IST">
  <testcase classname="com.connectsecure.test.ui.connectsecure.TestLogInPage" name="testLogIn" time="29.436"/>
  <testcase classname="com.connectsecure.test.ui.connectsecure.TestCreateCompanyPage" name="testLogIn" time="28.438"/>
  <testcase classname="com.connectsecure.test.ui.connectsecure.TestCreateCompanyPage" name="testCreateCompany" time="16.057"/>
  <testcase classname="com.connectsecure.test.ui.connectsecure.TestDeleteCompanyPage" name="testLogIn" time="28.163"/>
  <testcase classname="com.connectsecure.test.ui.connectsecure.TestDeleteCompanyPage" name="testDeleteCompany" time="11.687"/>
  <testcase classname="com.connectsecure.test.ui.connectsecure.TestGenralSettingsPage" name="testLogIn" time="28.27"/>
  <testcase classname="com.connectsecure.test.ui.connectsecure.TestGenralSettingsPage" name="testGenralSetting" time="4.283"/>
  <testcase classname="com.connectsecure.test.ui.connectsecure.TestGenralSettingsPage" name="testToggleToDarkTheme" time="2.137"/>
  <testcase classname="com.connectsecure.test.ui.connectsecure.TestGlobalSettingsPage" name="testLogIn" time="27.694"/>
  <testcase classname="com.connectsecure.test.ui.connectsecure.TestGlobalSettingsPage" name="testTimezoneSetting" time="7.875"/>
  <testcase classname="com.connectsecure.test.ui.connectsecure.TestGlobalSettingsPage" name="testCustomDateFormatSetting" time="7.058"/>
  <testcase classname="com.connectsecure.test.ui.connectsecure.TestGlobalSettingsPage" name="testSessionTimeoutSetting" time="9.522"/>
  <testcase classname="com.connectsecure.test.ui.connectsecure.TestGlobalSettingsPage" name="testPortsPolicySetting" time="25.231">
    <failure type="org.openqa.selenium.NoSuchElementException" message="no such element: Unable to locate element: {&amp;quot;method&amp;quot;:&amp;quot;xpath&amp;quot;,&amp;quot;selector&amp;quot;:&amp;quot;//*[contains(text(),&amp;apos;cancel&amp;apos;)]&amp;quot;}
  (Session info: chrome=123.0.6312.105)
For documentation on this error, please visit: https://www.selenium.dev/documentation/webdriver/troubleshooting/errors#no-such-element-exception
Build info: version: &amp;apos;4.10.0&amp;apos;, revision: &amp;apos;c14d967899&amp;apos;
System info: os.name: &amp;apos;Mac OS X&amp;apos;, os.arch: &amp;apos;x86_64&amp;apos;, os.version: &amp;apos;12.7.3&amp;apos;, java.version: &amp;apos;22&amp;apos;
Driver info: org.openqa.selenium.chrome.ChromeDriver
Command: [54f4bcd398f27ed7e22e0d6ddd46541e, findElement {using=xpath, value=//*[contains(text(),&amp;apos;cancel&amp;apos;)]}]
Capabilities {acceptInsecureCerts: false, browserName: chrome, browserVersion: 123.0.6312.105, chrome: {chromedriverVersion: 123.0.6312.58 (6b4b19e9dfbb..., userDataDir: /var/folders/1t/7s5nfm7n50d...}, fedcm:accounts: true, goog:chromeOptions: {debuggerAddress: localhost:58962}, networkConnectionEnabled: false, pageLoadStrategy: normal, platformName: mac, proxy: Proxy(), se:cdp: ws://localhost:58962/devtoo..., se:cdpVersion: 123.0.6312.105, setWindowRect: true, strictFileInteractability: false, timeouts: {implicit: 0, pageLoad: 300000, script: 30000}, unhandledPromptBehavior: dismiss and notify, webauthn:extension:credBlob: true, webauthn:extension:largeBlob: true, webauthn:extension:minPinLength: true, webauthn:extension:prf: true, webauthn:virtualAuthenticators: true}
Session ID: 54f4bcd398f27ed7e22e0d6ddd46541e">
      <![CDATA[org.openqa.selenium.NoSuchElementException: no such element: Unable to locate element: {"method":"xpath","selector":"//*[contains(text(),'cancel')]"}
  (Session info: chrome=123.0.6312.105)
For documentation on this error, please visit: https://www.selenium.dev/documentation/webdriver/troubleshooting/errors#no-such-element-exception
Build info: version: '4.10.0', revision: 'c14d967899'
System info: os.name: 'Mac OS X', os.arch: 'x86_64', os.version: '12.7.3', java.version: '22'
Driver info: org.openqa.selenium.chrome.ChromeDriver
Command: [54f4bcd398f27ed7e22e0d6ddd46541e, findElement {using=xpath, value=//*[contains(text(),'cancel')]}]
Capabilities {acceptInsecureCerts: false, browserName: chrome, browserVersion: 123.0.6312.105, chrome: {chromedriverVersion: 123.0.6312.58 (6b4b19e9dfbb..., userDataDir: /var/folders/1t/7s5nfm7n50d...}, fedcm:accounts: true, goog:chromeOptions: {debuggerAddress: localhost:58962}, networkConnectionEnabled: false, pageLoadStrategy: normal, platformName: mac, proxy: Proxy(), se:cdp: ws://localhost:58962/devtoo..., se:cdpVersion: 123.0.6312.105, setWindowRect: true, strictFileInteractability: false, timeouts: {implicit: 0, pageLoad: 300000, script: 30000}, unhandledPromptBehavior: dismiss and notify, webauthn:extension:credBlob: true, webauthn:extension:largeBlob: true, webauthn:extension:minPinLength: true, webauthn:extension:prf: true, webauthn:virtualAuthenticators: true}
Session ID: 54f4bcd398f27ed7e22e0d6ddd46541e
at org.openqa.selenium.remote.codec.w3c.W3CHttpResponseCodec.createException(W3CHttpResponseCodec.java:199)
at org.openqa.selenium.remote.codec.w3c.W3CHttpResponseCodec.decode(W3CHttpResponseCodec.java:132)
at org.openqa.selenium.remote.codec.w3c.W3CHttpResponseCodec.decode(W3CHttpResponseCodec.java:51)
at org.openqa.selenium.remote.HttpCommandExecutor.execute(HttpCommandExecutor.java:191)
at org.openqa.selenium.remote.service.DriverCommandExecutor.invokeExecute(DriverCommandExecutor.java:196)
at org.openqa.selenium.remote.service.DriverCommandExecutor.execute(DriverCommandExecutor.java:171)
at org.openqa.selenium.remote.RemoteWebDriver.execute(RemoteWebDriver.java:531)
at org.openqa.selenium.remote.ElementLocation$ElementFinder$2.findElement(ElementLocation.java:165)
at org.openqa.selenium.remote.ElementLocation.findElement(ElementLocation.java:59)
at org.openqa.selenium.remote.RemoteWebDriver.findElement(RemoteWebDriver.java:350)
at org.openqa.selenium.remote.RemoteWebDriver.findElement(RemoteWebDriver.java:344)
at org.openqa.selenium.support.pagefactory.DefaultElementLocator.findElement(DefaultElementLocator.java:68)
at org.openqa.selenium.support.pagefactory.internal.LocatingElementHandler.invoke(LocatingElementHandler.java:38)
at jdk.proxy2/jdk.proxy2.$Proxy16.isEnabled(Unknown Source)
at com.base.utils.WebDriverFactory.clickWebElement(WebDriverFactory.java:150)
at com.base.helper.ui.connectsecure.GlobalSettingHelper.enterInsecurePortsId(GlobalSettingHelper.java:146)
at com.connectsecure.test.ui.connectsecure.TestGlobalSettingsPage.testPortsPolicySetting(TestGlobalSettingsPage.java:103)
at java.base/java.util.concurrent.ThreadPoolExecutor.runWorker(ThreadPoolExecutor.java:1144)
at java.base/java.util.concurrent.ThreadPoolExecutor$Worker.run(ThreadPoolExecutor.java:642)
at java.base/java.lang.Thread.run(Thread.java:1570)
... Removed 13 stack frames]]>
    </failure>
  </testcase> <!-- testPortsPolicySetting -->
  <testcase classname="com.connectsecure.test.ui.connectsecure.TestGlobalSettingsPage" name="testDepricationDaysSetting" time="12.785"/>
  <testcase classname="com.connectsecure.test.ui.connectsecure.TestGlobalSettingsPage" name="testWhiteLabelSetting" time="12.631"/>
  <testcase classname="com.connectsecure.test.ui.connectsecure.TestGlobalSettingsPage" name="testAddEdrApplicationSetting" time="14.244"/>
  <testcase classname="com.connectsecure.test.ui.connectsecure.TestGlobalSettingsPage" name="testEdrExcludeSetting" time="22.724"/>
  <testcase classname="com.connectsecure.test.ui.connectsecure.TestGlobalSettingsPage" name="testComplianceScanSettings" time="11.964"/>
  <testcase classname="com.connectsecure.test.ui.connectsecure.TestGlobalSettingsPage" name="testAddBackupSoftwareSetting" time="14.332">
    <failure type="org.openqa.selenium.NoSuchElementException" message="no such element: Unable to locate element: {&amp;quot;method&amp;quot;:&amp;quot;xpath&amp;quot;,&amp;quot;selector&amp;quot;:&amp;quot;//input[@name=&amp;apos;globalSearch&amp;apos;]&amp;quot;}
  (Session info: chrome=123.0.6312.105)
For documentation on this error, please visit: https://www.selenium.dev/documentation/webdriver/troubleshooting/errors#no-such-element-exception
Build info: version: &amp;apos;4.10.0&amp;apos;, revision: &amp;apos;c14d967899&amp;apos;
System info: os.name: &amp;apos;Mac OS X&amp;apos;, os.arch: &amp;apos;x86_64&amp;apos;, os.version: &amp;apos;12.7.3&amp;apos;, java.version: &amp;apos;22&amp;apos;
Driver info: org.openqa.selenium.chrome.ChromeDriver
Command: [54f4bcd398f27ed7e22e0d6ddd46541e, findElement {using=xpath, value=//input[@name=&amp;apos;globalSearch&amp;apos;]}]
Capabilities {acceptInsecureCerts: false, browserName: chrome, browserVersion: 123.0.6312.105, chrome: {chromedriverVersion: 123.0.6312.58 (6b4b19e9dfbb..., userDataDir: /var/folders/1t/7s5nfm7n50d...}, fedcm:accounts: true, goog:chromeOptions: {debuggerAddress: localhost:58962}, networkConnectionEnabled: false, pageLoadStrategy: normal, platformName: mac, proxy: Proxy(), se:cdp: ws://localhost:58962/devtoo..., se:cdpVersion: 123.0.6312.105, setWindowRect: true, strictFileInteractability: false, timeouts: {implicit: 0, pageLoad: 300000, script: 30000}, unhandledPromptBehavior: dismiss and notify, webauthn:extension:credBlob: true, webauthn:extension:largeBlob: true, webauthn:extension:minPinLength: true, webauthn:extension:prf: true, webauthn:virtualAuthenticators: true}
Session ID: 54f4bcd398f27ed7e22e0d6ddd46541e">
      <![CDATA[org.openqa.selenium.NoSuchElementException: no such element: Unable to locate element: {"method":"xpath","selector":"//input[@name='globalSearch']"}
  (Session info: chrome=123.0.6312.105)
For documentation on this error, please visit: https://www.selenium.dev/documentation/webdriver/troubleshooting/errors#no-such-element-exception
Build info: version: '4.10.0', revision: 'c14d967899'
System info: os.name: 'Mac OS X', os.arch: 'x86_64', os.version: '12.7.3', java.version: '22'
Driver info: org.openqa.selenium.chrome.ChromeDriver
Command: [54f4bcd398f27ed7e22e0d6ddd46541e, findElement {using=xpath, value=//input[@name='globalSearch']}]
Capabilities {acceptInsecureCerts: false, browserName: chrome, browserVersion: 123.0.6312.105, chrome: {chromedriverVersion: 123.0.6312.58 (6b4b19e9dfbb..., userDataDir: /var/folders/1t/7s5nfm7n50d...}, fedcm:accounts: true, goog:chromeOptions: {debuggerAddress: localhost:58962}, networkConnectionEnabled: false, pageLoadStrategy: normal, platformName: mac, proxy: Proxy(), se:cdp: ws://localhost:58962/devtoo..., se:cdpVersion: 123.0.6312.105, setWindowRect: true, strictFileInteractability: false, timeouts: {implicit: 0, pageLoad: 300000, script: 30000}, unhandledPromptBehavior: dismiss and notify, webauthn:extension:credBlob: true, webauthn:extension:largeBlob: true, webauthn:extension:minPinLength: true, webauthn:extension:prf: true, webauthn:virtualAuthenticators: true}
Session ID: 54f4bcd398f27ed7e22e0d6ddd46541e
at org.openqa.selenium.remote.codec.w3c.W3CHttpResponseCodec.createException(W3CHttpResponseCodec.java:199)
at org.openqa.selenium.remote.codec.w3c.W3CHttpResponseCodec.decode(W3CHttpResponseCodec.java:132)
at org.openqa.selenium.remote.codec.w3c.W3CHttpResponseCodec.decode(W3CHttpResponseCodec.java:51)
at org.openqa.selenium.remote.HttpCommandExecutor.execute(HttpCommandExecutor.java:191)
at org.openqa.selenium.remote.service.DriverCommandExecutor.invokeExecute(DriverCommandExecutor.java:196)
at org.openqa.selenium.remote.service.DriverCommandExecutor.execute(DriverCommandExecutor.java:171)
at org.openqa.selenium.remote.RemoteWebDriver.execute(RemoteWebDriver.java:531)
at org.openqa.selenium.remote.ElementLocation$ElementFinder$2.findElement(ElementLocation.java:165)
at org.openqa.selenium.remote.ElementLocation.findElement(ElementLocation.java:59)
at org.openqa.selenium.remote.RemoteWebDriver.findElement(RemoteWebDriver.java:350)
at org.openqa.selenium.remote.RemoteWebDriver.findElement(RemoteWebDriver.java:344)
at org.openqa.selenium.support.pagefactory.DefaultElementLocator.findElement(DefaultElementLocator.java:68)
at org.openqa.selenium.support.pagefactory.internal.LocatingElementHandler.invoke(LocatingElementHandler.java:38)
at jdk.proxy2/jdk.proxy2.$Proxy16.isEnabled(Unknown Source)
at com.base.utils.WebDriverFactory.sendKeys(WebDriverFactory.java:189)
at com.base.helper.ui.connectsecure.GlobalSettingHelper.enterSoftwareNameToAddInExclude(GlobalSettingHelper.java:474)
at com.connectsecure.test.ui.connectsecure.TestGlobalSettingsPage.testAddBackupSoftwareSetting(TestGlobalSettingsPage.java:173)
at java.base/java.util.concurrent.ThreadPoolExecutor.runWorker(ThreadPoolExecutor.java:1144)
at java.base/java.util.concurrent.ThreadPoolExecutor$Worker.run(ThreadPoolExecutor.java:642)
at java.base/java.lang.Thread.run(Thread.java:1570)
... Removed 13 stack frames]]>
    </failure>
  </testcase> <!-- testAddBackupSoftwareSetting -->
  <testcase classname="com.connectsecure.test.ui.connectsecure.TestGlobalSettingsPage" name="testBackupExcludeSetting" time="16.646"/>
  <testcase classname="com.connectsecure.test.ui.connectsecure.TestGlobalSettingsPage" name="testAddSoftwareToExcludeAndRemove" time="1.552">
    <failure type="org.openqa.selenium.NoSuchElementException" message="no such element: Unable to locate element: {&amp;quot;method&amp;quot;:&amp;quot;xpath&amp;quot;,&amp;quot;selector&amp;quot;:&amp;quot;//input[@name=&amp;apos;globalSearch&amp;apos;]&amp;quot;}
  (Session info: chrome=123.0.6312.105)
For documentation on this error, please visit: https://www.selenium.dev/documentation/webdriver/troubleshooting/errors#no-such-element-exception
Build info: version: &amp;apos;4.10.0&amp;apos;, revision: &amp;apos;c14d967899&amp;apos;
System info: os.name: &amp;apos;Mac OS X&amp;apos;, os.arch: &amp;apos;x86_64&amp;apos;, os.version: &amp;apos;12.7.3&amp;apos;, java.version: &amp;apos;22&amp;apos;
Driver info: org.openqa.selenium.chrome.ChromeDriver
Command: [54f4bcd398f27ed7e22e0d6ddd46541e, findElement {using=xpath, value=//input[@name=&amp;apos;globalSearch&amp;apos;]}]
Capabilities {acceptInsecureCerts: false, browserName: chrome, browserVersion: 123.0.6312.105, chrome: {chromedriverVersion: 123.0.6312.58 (6b4b19e9dfbb..., userDataDir: /var/folders/1t/7s5nfm7n50d...}, fedcm:accounts: true, goog:chromeOptions: {debuggerAddress: localhost:58962}, networkConnectionEnabled: false, pageLoadStrategy: normal, platformName: mac, proxy: Proxy(), se:cdp: ws://localhost:58962/devtoo..., se:cdpVersion: 123.0.6312.105, setWindowRect: true, strictFileInteractability: false, timeouts: {implicit: 0, pageLoad: 300000, script: 30000}, unhandledPromptBehavior: dismiss and notify, webauthn:extension:credBlob: true, webauthn:extension:largeBlob: true, webauthn:extension:minPinLength: true, webauthn:extension:prf: true, webauthn:virtualAuthenticators: true}
Session ID: 54f4bcd398f27ed7e22e0d6ddd46541e">
      <![CDATA[org.openqa.selenium.NoSuchElementException: no such element: Unable to locate element: {"method":"xpath","selector":"//input[@name='globalSearch']"}
  (Session info: chrome=123.0.6312.105)
For documentation on this error, please visit: https://www.selenium.dev/documentation/webdriver/troubleshooting/errors#no-such-element-exception
Build info: version: '4.10.0', revision: 'c14d967899'
System info: os.name: 'Mac OS X', os.arch: 'x86_64', os.version: '12.7.3', java.version: '22'
Driver info: org.openqa.selenium.chrome.ChromeDriver
Command: [54f4bcd398f27ed7e22e0d6ddd46541e, findElement {using=xpath, value=//input[@name='globalSearch']}]
Capabilities {acceptInsecureCerts: false, browserName: chrome, browserVersion: 123.0.6312.105, chrome: {chromedriverVersion: 123.0.6312.58 (6b4b19e9dfbb..., userDataDir: /var/folders/1t/7s5nfm7n50d...}, fedcm:accounts: true, goog:chromeOptions: {debuggerAddress: localhost:58962}, networkConnectionEnabled: false, pageLoadStrategy: normal, platformName: mac, proxy: Proxy(), se:cdp: ws://localhost:58962/devtoo..., se:cdpVersion: 123.0.6312.105, setWindowRect: true, strictFileInteractability: false, timeouts: {implicit: 0, pageLoad: 300000, script: 30000}, unhandledPromptBehavior: dismiss and notify, webauthn:extension:credBlob: true, webauthn:extension:largeBlob: true, webauthn:extension:minPinLength: true, webauthn:extension:prf: true, webauthn:virtualAuthenticators: true}
Session ID: 54f4bcd398f27ed7e22e0d6ddd46541e
at org.openqa.selenium.remote.codec.w3c.W3CHttpResponseCodec.createException(W3CHttpResponseCodec.java:199)
at org.openqa.selenium.remote.codec.w3c.W3CHttpResponseCodec.decode(W3CHttpResponseCodec.java:132)
at org.openqa.selenium.remote.codec.w3c.W3CHttpResponseCodec.decode(W3CHttpResponseCodec.java:51)
at org.openqa.selenium.remote.HttpCommandExecutor.execute(HttpCommandExecutor.java:191)
at org.openqa.selenium.remote.service.DriverCommandExecutor.invokeExecute(DriverCommandExecutor.java:196)
at org.openqa.selenium.remote.service.DriverCommandExecutor.execute(DriverCommandExecutor.java:171)
at org.openqa.selenium.remote.RemoteWebDriver.execute(RemoteWebDriver.java:531)
at org.openqa.selenium.remote.ElementLocation$ElementFinder$2.findElement(ElementLocation.java:165)
at org.openqa.selenium.remote.ElementLocation.findElement(ElementLocation.java:59)
at org.openqa.selenium.remote.RemoteWebDriver.findElement(RemoteWebDriver.java:350)
at org.openqa.selenium.remote.RemoteWebDriver.findElement(RemoteWebDriver.java:344)
at org.openqa.selenium.support.pagefactory.DefaultElementLocator.findElement(DefaultElementLocator.java:68)
at org.openqa.selenium.support.pagefactory.internal.LocatingElementHandler.invoke(LocatingElementHandler.java:38)
at jdk.proxy2/jdk.proxy2.$Proxy16.isEnabled(Unknown Source)
at com.base.utils.WebDriverFactory.sendKeys(WebDriverFactory.java:189)
at com.base.helper.ui.connectsecure.GlobalSettingHelper.enterSoftwareNameToAddInExclude(GlobalSettingHelper.java:474)
at com.connectsecure.test.ui.connectsecure.TestGlobalSettingsPage.testAddSoftwareToExcludeAndRemove(TestGlobalSettingsPage.java:196)
at java.base/java.util.concurrent.ThreadPoolExecutor.runWorker(ThreadPoolExecutor.java:1144)
at java.base/java.util.concurrent.ThreadPoolExecutor$Worker.run(ThreadPoolExecutor.java:642)
at java.base/java.lang.Thread.run(Thread.java:1570)
... Removed 13 stack frames]]>
    </failure>
  </testcase> <!-- testAddSoftwareToExcludeAndRemove -->
  <testcase classname="com.connectsecure.test.ui.connectsecure.TestGlobalSettingsPage" name="testLwAgentScanSetting" time="9.689"/>
  <testcase classname="com.connectsecure.test.ui.connectsecure.TestTagRulePage" name="testLogIn" time="27.895"/>
  <testcase classname="com.connectsecure.test.ui.connectsecure.TestTagRulePage" name="testAddTagRule" time="22.632"/>
  <testcase classname="com.connectsecure.test.ui.connectsecure.TestTagRulePage" name="testTagActionDelete" time="9.649"/>
  <testcase classname="com.connectsecure.test.ui.connectsecure.TestTagRulePage" name="testTagActionEdit" time="20.311"/>
</testsuite> <!-- ReqRes Test Suit -->
