<!DOCTYPE html PUBLIC "-//W3C//DTD XHTML 1.1//EN" "http://www.w3.org/TR/xhtml11/DTD/xhtml11.dtd">
<html xmlns="http://www.w3.org/1999/xhtml">
<head>
<meta http-equiv="content-type" content="text/html; charset=UTF-8"/>
<title>TestNG Report</title>
<style type="text/css">table {margin-bottom:10px;border-collapse:collapse;empty-cells:show}th,td {border:1px solid #009;padding:.25em .5em}th {vertical-align:bottom}td {vertical-align:top}table a {font-weight:bold}.stripe td {background-color: #E6EBF9}.num {text-align:right}.passedodd td {background-color: #3F3}.passedeven td {background-color: #0A0}.skippedodd td {background-color: #DDD}.skippedeven td {background-color: #CCC}.failedodd td,.attn {background-color: #F33}.failedeven td,.stripe .attn {background-color: #D00}.stacktrace {white-space:pre;font-family:monospace}.totop {font-size:85%;text-align:center;border-bottom:2px solid #000}.invisible {display:none}</style>
</head>
<body>
<table>
<tr><th>Test</th><th># Passed</th><th># Skipped</th><th># Retried</th><th># Failed</th><th>Time (ms)</th><th>Included Groups</th><th>Excluded Groups</th></tr>
<tr><th colspan="8">tests</th></tr>
<tr><td><a href="#t0">ReqRes Test Suit</a></td><td class="num">23</td><td class="num">0</td><td class="num">0</td><td class="num attn">3</td><td class="num">526,301</td><td></td><td></td></tr>
</table>
<table id='summary'><thead><tr><th>Class</th><th>Method</th><th>Start</th><th>Time (ms)</th></tr></thead><tbody><tr><th colspan="4">tests</th></tr></tbody><tbody id="t0"><tr><th colspan="4">ReqRes Test Suit &#8212; failed</th></tr><tr class="failedeven"><td rowspan="3">com.connectsecure.test.ui.connectsecure.TestGlobalSettingsPage</td><td><a href="#m0">testAddBackupSoftwareSetting</a></td><td rowspan="1">1712146002347</td><td rowspan="1">14332</td></tr><tr class="failedeven"><td><a href="#m1">testAddSoftwareToExcludeAndRemove</a></td><td rowspan="1">1712146040098</td><td rowspan="1">1552</td></tr><tr class="failedeven"><td><a href="#m2">testPortsPolicySetting</a></td><td rowspan="1">1712145885215</td><td rowspan="1">25231</td></tr><tr><th colspan="4">ReqRes Test Suit &#8212; passed</th></tr><tr class="passedeven"><td rowspan="2">com.connectsecure.test.ui.connectsecure.TestCreateCompanyPage</td><td><a href="#m3">testCreateCompany</a></td><td rowspan="1">1712145701841</td><td rowspan="1">16057</td></tr><tr class="passedeven"><td><a href="#m4">testLogIn</a></td><td rowspan="1">1712145670137</td><td rowspan="1">28438</td></tr><tr class="passedodd"><td rowspan="2">com.connectsecure.test.ui.connectsecure.TestDeleteCompanyPage</td><td><a href="#m5">testDeleteCompany</a></td><td rowspan="1">1712145756566</td><td rowspan="1">11687</td></tr><tr class="passedodd"><td><a href="#m6">testLogIn</a></td><td rowspan="1">1712145724021</td><td rowspan="1">28163</td></tr><tr class="passedeven"><td rowspan="3">com.connectsecure.test.ui.connectsecure.TestGenralSettingsPage</td><td><a href="#m7">testGenralSetting</a></td><td rowspan="1">1712145804069</td><td rowspan="1">4283</td></tr><tr class="passedeven"><td><a href="#m8">testLogIn</a></td><td rowspan="1">1712145774518</td><td rowspan="1">28270</td></tr><tr class="passedeven"><td><a href="#m9">testToggleToDarkTheme</a></td><td rowspan="1">1712145811883</td><td rowspan="1">2137</td></tr><tr class="passedodd"><td rowspan="11">com.connectsecure.test.ui.connectsecure.TestGlobalSettingsPage</td><td><a href="#m10">testAddEdrApplicationSetting</a></td><td rowspan="1">1712145944484</td><td rowspan="1">14244</td></tr><tr class="passedodd"><td><a href="#m11">testBackupExcludeSetting</a></td><td rowspan="1">1712146020628</td><td rowspan="1">16646</td></tr><tr class="passedodd"><td><a href="#m12">testComplianceScanSettings</a></td><td rowspan="1">1712145987896</td><td rowspan="1">11964</td></tr><tr class="passedodd"><td><a href="#m13">testCustomDateFormatSetting</a></td><td rowspan="1">1712145861879</td><td rowspan="1">7058</td></tr><tr class="passedodd"><td><a href="#m14">testDepricationDaysSetting</a></td><td rowspan="1">1712145913171</td><td rowspan="1">12785</td></tr><tr class="passedodd"><td><a href="#m15">testEdrExcludeSetting</a></td><td rowspan="1">1712145960973</td><td rowspan="1">22724</td></tr><tr class="passedodd"><td><a href="#m16">testLogIn</a></td><td rowspan="1">1712145820426</td><td rowspan="1">27694</td></tr><tr class="passedodd"><td><a href="#m17">testLwAgentScanSetting</a></td><td rowspan="1">1712146045359</td><td rowspan="1">9689</td></tr><tr class="passedodd"><td><a href="#m18">testSessionTimeoutSetting</a></td><td rowspan="1">1712145871745</td><td rowspan="1">9522</td></tr><tr class="passedodd"><td><a href="#m19">testTimezoneSetting</a></td><td rowspan="1">1712145851138</td><td rowspan="1">7875</td></tr><tr class="passedodd"><td><a href="#m20">testWhiteLabelSetting</a></td><td rowspan="1">1712145927930</td><td rowspan="1">12631</td></tr><tr class="passedeven"><td rowspan="1">com.connectsecure.test.ui.connectsecure.TestLogInPage</td><td><a href="#m21">testLogIn</a></td><td rowspan="1">1712145634572</td><td rowspan="1">29436</td></tr><tr class="passedodd"><td rowspan="4">com.connectsecure.test.ui.connectsecure.TestTagRulePage</td><td><a href="#m22">testAddTagRule</a></td><td rowspan="1">1712146092209</td><td rowspan="1">22632</td></tr><tr class="passedodd"><td><a href="#m23">testLogIn</a></td><td rowspan="1">1712146061505</td><td rowspan="1">27895</td></tr><tr class="passedodd"><td><a href="#m24">testTagActionDelete</a></td><td rowspan="1">1712146118154</td><td rowspan="1">9649</td></tr><tr class="passedodd"><td><a href="#m25">testTagActionEdit</a></td><td rowspan="1">1712146130216</td><td rowspan="1">20311</td></tr></tbody>
</table>
<h2>ReqRes Test Suit</h2><h3 id="m0">com.connectsecure.test.ui.connectsecure.TestGlobalSettingsPage#testAddBackupSoftwareSetting</h3><table class="result"><tr><th>Exception</th></tr><tr><td><div class="stacktrace">org.openqa.selenium.NoSuchElementException: no such element: Unable to locate element: {&quot;method&quot;:&quot;xpath&quot;,&quot;selector&quot;:&quot;//input[@name=&apos;globalSearch&apos;]&quot;}
  (Session info: chrome=123.0.6312.105)
For documentation on this error, please visit: https://www.selenium.dev/documentation/webdriver/troubleshooting/errors#no-such-element-exception
Build info: version: &apos;4.10.0&apos;, revision: &apos;c14d967899&apos;
System info: os.name: &apos;Mac OS X&apos;, os.arch: &apos;x86_64&apos;, os.version: &apos;12.7.3&apos;, java.version: &apos;22&apos;
Driver info: org.openqa.selenium.chrome.ChromeDriver
Command: [54f4bcd398f27ed7e22e0d6ddd46541e, findElement {using=xpath, value=//input[@name=&apos;globalSearch&apos;]}]
Capabilities {acceptInsecureCerts: false, browserName: chrome, browserVersion: 123.0.6312.105, chrome: {chromedriverVersion: 123.0.6312.58 (6b4b19e9dfbb..., userDataDir: /var/folders/1t/7s5nfm7n50d...}, fedcm:accounts: true, goog:chromeOptions: {debuggerAddress: localhost:58962}, networkConnectionEnabled: false, pageLoadStrategy: normal, platformName: mac, proxy: Proxy(), se:cdp: ws://localhost:58962/devtoo..., se:cdpVersion: 123.0.6312.105, setWindowRect: true, strictFileInteractability: false, timeouts: {implicit: 0, pageLoad: 300000, script: 30000}, unhandledPromptBehavior: dismiss and notify, webauthn:extension:credBlob: true, webauthn:extension:largeBlob: true, webauthn:extension:minPinLength: true, webauthn:extension:prf: true, webauthn:virtualAuthenticators: true}
Session ID: 54f4bcd398f27ed7e22e0d6ddd46541e
	at org.openqa.selenium.remote.codec.w3c.W3CHttpResponseCodec.createException(W3CHttpResponseCodec.java:199)
	at org.openqa.selenium.remote.codec.w3c.W3CHttpResponseCodec.decode(W3CHttpResponseCodec.java:132)
	at org.openqa.selenium.remote.codec.w3c.W3CHttpResponseCodec.decode(W3CHttpResponseCodec.java:51)
	at org.openqa.selenium.remote.HttpCommandExecutor.execute(HttpCommandExecutor.java:191)
	at org.openqa.selenium.remote.service.DriverCommandExecutor.invokeExecute(DriverCommandExecutor.java:196)
	at org.openqa.selenium.remote.service.DriverCommandExecutor.execute(DriverCommandExecutor.java:171)
	at org.openqa.selenium.remote.RemoteWebDriver.execute(RemoteWebDriver.java:531)
	at org.openqa.selenium.remote.ElementLocation$ElementFinder$2.findElement(ElementLocation.java:165)
	at org.openqa.selenium.remote.ElementLocation.findElement(ElementLocation.java:59)
	at org.openqa.selenium.remote.RemoteWebDriver.findElement(RemoteWebDriver.java:350)
	at org.openqa.selenium.remote.RemoteWebDriver.findElement(RemoteWebDriver.java:344)
	at org.openqa.selenium.support.pagefactory.DefaultElementLocator.findElement(DefaultElementLocator.java:68)
	at org.openqa.selenium.support.pagefactory.internal.LocatingElementHandler.invoke(LocatingElementHandler.java:38)
	at jdk.proxy2/jdk.proxy2.$Proxy16.isEnabled(Unknown Source)
	at com.base.utils.WebDriverFactory.sendKeys(WebDriverFactory.java:189)
	at com.base.helper.ui.connectsecure.GlobalSettingHelper.enterSoftwareNameToAddInExclude(GlobalSettingHelper.java:474)
	at com.connectsecure.test.ui.connectsecure.TestGlobalSettingsPage.testAddBackupSoftwareSetting(TestGlobalSettingsPage.java:173)
	at java.base/java.util.concurrent.ThreadPoolExecutor.runWorker(ThreadPoolExecutor.java:1144)
	at java.base/java.util.concurrent.ThreadPoolExecutor$Worker.run(ThreadPoolExecutor.java:642)
	at java.base/java.lang.Thread.run(Thread.java:1570)
... Removed 13 stack frames</div></td></tr></table><p class="totop"><a href="#summary">back to summary</a></p>
<h3 id="m1">com.connectsecure.test.ui.connectsecure.TestGlobalSettingsPage#testAddSoftwareToExcludeAndRemove</h3><table class="result"><tr><th>Exception</th></tr><tr><td><div class="stacktrace">org.openqa.selenium.NoSuchElementException: no such element: Unable to locate element: {&quot;method&quot;:&quot;xpath&quot;,&quot;selector&quot;:&quot;//input[@name=&apos;globalSearch&apos;]&quot;}
  (Session info: chrome=123.0.6312.105)
For documentation on this error, please visit: https://www.selenium.dev/documentation/webdriver/troubleshooting/errors#no-such-element-exception
Build info: version: &apos;4.10.0&apos;, revision: &apos;c14d967899&apos;
System info: os.name: &apos;Mac OS X&apos;, os.arch: &apos;x86_64&apos;, os.version: &apos;12.7.3&apos;, java.version: &apos;22&apos;
Driver info: org.openqa.selenium.chrome.ChromeDriver
Command: [54f4bcd398f27ed7e22e0d6ddd46541e, findElement {using=xpath, value=//input[@name=&apos;globalSearch&apos;]}]
Capabilities {acceptInsecureCerts: false, browserName: chrome, browserVersion: 123.0.6312.105, chrome: {chromedriverVersion: 123.0.6312.58 (6b4b19e9dfbb..., userDataDir: /var/folders/1t/7s5nfm7n50d...}, fedcm:accounts: true, goog:chromeOptions: {debuggerAddress: localhost:58962}, networkConnectionEnabled: false, pageLoadStrategy: normal, platformName: mac, proxy: Proxy(), se:cdp: ws://localhost:58962/devtoo..., se:cdpVersion: 123.0.6312.105, setWindowRect: true, strictFileInteractability: false, timeouts: {implicit: 0, pageLoad: 300000, script: 30000}, unhandledPromptBehavior: dismiss and notify, webauthn:extension:credBlob: true, webauthn:extension:largeBlob: true, webauthn:extension:minPinLength: true, webauthn:extension:prf: true, webauthn:virtualAuthenticators: true}
Session ID: 54f4bcd398f27ed7e22e0d6ddd46541e
	at org.openqa.selenium.remote.codec.w3c.W3CHttpResponseCodec.createException(W3CHttpResponseCodec.java:199)
	at org.openqa.selenium.remote.codec.w3c.W3CHttpResponseCodec.decode(W3CHttpResponseCodec.java:132)
	at org.openqa.selenium.remote.codec.w3c.W3CHttpResponseCodec.decode(W3CHttpResponseCodec.java:51)
	at org.openqa.selenium.remote.HttpCommandExecutor.execute(HttpCommandExecutor.java:191)
	at org.openqa.selenium.remote.service.DriverCommandExecutor.invokeExecute(DriverCommandExecutor.java:196)
	at org.openqa.selenium.remote.service.DriverCommandExecutor.execute(DriverCommandExecutor.java:171)
	at org.openqa.selenium.remote.RemoteWebDriver.execute(RemoteWebDriver.java:531)
	at org.openqa.selenium.remote.ElementLocation$ElementFinder$2.findElement(ElementLocation.java:165)
	at org.openqa.selenium.remote.ElementLocation.findElement(ElementLocation.java:59)
	at org.openqa.selenium.remote.RemoteWebDriver.findElement(RemoteWebDriver.java:350)
	at org.openqa.selenium.remote.RemoteWebDriver.findElement(RemoteWebDriver.java:344)
	at org.openqa.selenium.support.pagefactory.DefaultElementLocator.findElement(DefaultElementLocator.java:68)
	at org.openqa.selenium.support.pagefactory.internal.LocatingElementHandler.invoke(LocatingElementHandler.java:38)
	at jdk.proxy2/jdk.proxy2.$Proxy16.isEnabled(Unknown Source)
	at com.base.utils.WebDriverFactory.sendKeys(WebDriverFactory.java:189)
	at com.base.helper.ui.connectsecure.GlobalSettingHelper.enterSoftwareNameToAddInExclude(GlobalSettingHelper.java:474)
	at com.connectsecure.test.ui.connectsecure.TestGlobalSettingsPage.testAddSoftwareToExcludeAndRemove(TestGlobalSettingsPage.java:196)
	at java.base/java.util.concurrent.ThreadPoolExecutor.runWorker(ThreadPoolExecutor.java:1144)
	at java.base/java.util.concurrent.ThreadPoolExecutor$Worker.run(ThreadPoolExecutor.java:642)
	at java.base/java.lang.Thread.run(Thread.java:1570)
... Removed 13 stack frames</div></td></tr></table><p class="totop"><a href="#summary">back to summary</a></p>
<h3 id="m2">com.connectsecure.test.ui.connectsecure.TestGlobalSettingsPage#testPortsPolicySetting</h3><table class="result"><tr><th>Exception</th></tr><tr><td><div class="stacktrace">org.openqa.selenium.NoSuchElementException: no such element: Unable to locate element: {&quot;method&quot;:&quot;xpath&quot;,&quot;selector&quot;:&quot;//*[contains(text(),&apos;cancel&apos;)]&quot;}
  (Session info: chrome=123.0.6312.105)
For documentation on this error, please visit: https://www.selenium.dev/documentation/webdriver/troubleshooting/errors#no-such-element-exception
Build info: version: &apos;4.10.0&apos;, revision: &apos;c14d967899&apos;
System info: os.name: &apos;Mac OS X&apos;, os.arch: &apos;x86_64&apos;, os.version: &apos;12.7.3&apos;, java.version: &apos;22&apos;
Driver info: org.openqa.selenium.chrome.ChromeDriver
Command: [54f4bcd398f27ed7e22e0d6ddd46541e, findElement {using=xpath, value=//*[contains(text(),&apos;cancel&apos;)]}]
Capabilities {acceptInsecureCerts: false, browserName: chrome, browserVersion: 123.0.6312.105, chrome: {chromedriverVersion: 123.0.6312.58 (6b4b19e9dfbb..., userDataDir: /var/folders/1t/7s5nfm7n50d...}, fedcm:accounts: true, goog:chromeOptions: {debuggerAddress: localhost:58962}, networkConnectionEnabled: false, pageLoadStrategy: normal, platformName: mac, proxy: Proxy(), se:cdp: ws://localhost:58962/devtoo..., se:cdpVersion: 123.0.6312.105, setWindowRect: true, strictFileInteractability: false, timeouts: {implicit: 0, pageLoad: 300000, script: 30000}, unhandledPromptBehavior: dismiss and notify, webauthn:extension:credBlob: true, webauthn:extension:largeBlob: true, webauthn:extension:minPinLength: true, webauthn:extension:prf: true, webauthn:virtualAuthenticators: true}
Session ID: 54f4bcd398f27ed7e22e0d6ddd46541e
	at org.openqa.selenium.remote.codec.w3c.W3CHttpResponseCodec.createException(W3CHttpResponseCodec.java:199)
	at org.openqa.selenium.remote.codec.w3c.W3CHttpResponseCodec.decode(W3CHttpResponseCodec.java:132)
	at org.openqa.selenium.remote.codec.w3c.W3CHttpResponseCodec.decode(W3CHttpResponseCodec.java:51)
	at org.openqa.selenium.remote.HttpCommandExecutor.execute(HttpCommandExecutor.java:191)
	at org.openqa.selenium.remote.service.DriverCommandExecutor.invokeExecute(DriverCommandExecutor.java:196)
	at org.openqa.selenium.remote.service.DriverCommandExecutor.execute(DriverCommandExecutor.java:171)
	at org.openqa.selenium.remote.RemoteWebDriver.execute(RemoteWebDriver.java:531)
	at org.openqa.selenium.remote.ElementLocation$ElementFinder$2.findElement(ElementLocation.java:165)
	at org.openqa.selenium.remote.ElementLocation.findElement(ElementLocation.java:59)
	at org.openqa.selenium.remote.RemoteWebDriver.findElement(RemoteWebDriver.java:350)
	at org.openqa.selenium.remote.RemoteWebDriver.findElement(RemoteWebDriver.java:344)
	at org.openqa.selenium.support.pagefactory.DefaultElementLocator.findElement(DefaultElementLocator.java:68)
	at org.openqa.selenium.support.pagefactory.internal.LocatingElementHandler.invoke(LocatingElementHandler.java:38)
	at jdk.proxy2/jdk.proxy2.$Proxy16.isEnabled(Unknown Source)
	at com.base.utils.WebDriverFactory.clickWebElement(WebDriverFactory.java:150)
	at com.base.helper.ui.connectsecure.GlobalSettingHelper.enterInsecurePortsId(GlobalSettingHelper.java:146)
	at com.connectsecure.test.ui.connectsecure.TestGlobalSettingsPage.testPortsPolicySetting(TestGlobalSettingsPage.java:103)
	at java.base/java.util.concurrent.ThreadPoolExecutor.runWorker(ThreadPoolExecutor.java:1144)
	at java.base/java.util.concurrent.ThreadPoolExecutor$Worker.run(ThreadPoolExecutor.java:642)
	at java.base/java.lang.Thread.run(Thread.java:1570)
... Removed 13 stack frames</div></td></tr></table><p class="totop"><a href="#summary">back to summary</a></p>
<h3 id="m3">com.connectsecure.test.ui.connectsecure.TestCreateCompanyPage#testCreateCompany</h3><table class="result"><tr><th class="invisible"/></tr></table><p class="totop"><a href="#summary">back to summary</a></p>
<h3 id="m4">com.connectsecure.test.ui.connectsecure.TestCreateCompanyPage#testLogIn</h3><table class="result"><tr><th class="invisible"/></tr></table><p class="totop"><a href="#summary">back to summary</a></p>
<h3 id="m5">com.connectsecure.test.ui.connectsecure.TestDeleteCompanyPage#testDeleteCompany</h3><table class="result"><tr><th class="invisible"/></tr></table><p class="totop"><a href="#summary">back to summary</a></p>
<h3 id="m6">com.connectsecure.test.ui.connectsecure.TestDeleteCompanyPage#testLogIn</h3><table class="result"><tr><th class="invisible"/></tr></table><p class="totop"><a href="#summary">back to summary</a></p>
<h3 id="m7">com.connectsecure.test.ui.connectsecure.TestGenralSettingsPage#testGenralSetting</h3><table class="result"><tr><th class="invisible"/></tr></table><p class="totop"><a href="#summary">back to summary</a></p>
<h3 id="m8">com.connectsecure.test.ui.connectsecure.TestGenralSettingsPage#testLogIn</h3><table class="result"><tr><th class="invisible"/></tr></table><p class="totop"><a href="#summary">back to summary</a></p>
<h3 id="m9">com.connectsecure.test.ui.connectsecure.TestGenralSettingsPage#testToggleToDarkTheme</h3><table class="result"><tr><th class="invisible"/></tr></table><p class="totop"><a href="#summary">back to summary</a></p>
<h3 id="m10">com.connectsecure.test.ui.connectsecure.TestGlobalSettingsPage#testAddEdrApplicationSetting</h3><table class="result"><tr><th class="invisible"/></tr></table><p class="totop"><a href="#summary">back to summary</a></p>
<h3 id="m11">com.connectsecure.test.ui.connectsecure.TestGlobalSettingsPage#testBackupExcludeSetting</h3><table class="result"><tr><th class="invisible"/></tr></table><p class="totop"><a href="#summary">back to summary</a></p>
<h3 id="m12">com.connectsecure.test.ui.connectsecure.TestGlobalSettingsPage#testComplianceScanSettings</h3><table class="result"><tr><th class="invisible"/></tr></table><p class="totop"><a href="#summary">back to summary</a></p>
<h3 id="m13">com.connectsecure.test.ui.connectsecure.TestGlobalSettingsPage#testCustomDateFormatSetting</h3><table class="result"><tr><th class="invisible"/></tr></table><p class="totop"><a href="#summary">back to summary</a></p>
<h3 id="m14">com.connectsecure.test.ui.connectsecure.TestGlobalSettingsPage#testDepricationDaysSetting</h3><table class="result"><tr><th class="invisible"/></tr></table><p class="totop"><a href="#summary">back to summary</a></p>
<h3 id="m15">com.connectsecure.test.ui.connectsecure.TestGlobalSettingsPage#testEdrExcludeSetting</h3><table class="result"><tr><th class="invisible"/></tr></table><p class="totop"><a href="#summary">back to summary</a></p>
<h3 id="m16">com.connectsecure.test.ui.connectsecure.TestGlobalSettingsPage#testLogIn</h3><table class="result"><tr><th class="invisible"/></tr></table><p class="totop"><a href="#summary">back to summary</a></p>
<h3 id="m17">com.connectsecure.test.ui.connectsecure.TestGlobalSettingsPage#testLwAgentScanSetting</h3><table class="result"><tr><th class="invisible"/></tr></table><p class="totop"><a href="#summary">back to summary</a></p>
<h3 id="m18">com.connectsecure.test.ui.connectsecure.TestGlobalSettingsPage#testSessionTimeoutSetting</h3><table class="result"><tr><th class="invisible"/></tr></table><p class="totop"><a href="#summary">back to summary</a></p>
<h3 id="m19">com.connectsecure.test.ui.connectsecure.TestGlobalSettingsPage#testTimezoneSetting</h3><table class="result"><tr><th class="invisible"/></tr></table><p class="totop"><a href="#summary">back to summary</a></p>
<h3 id="m20">com.connectsecure.test.ui.connectsecure.TestGlobalSettingsPage#testWhiteLabelSetting</h3><table class="result"><tr><th class="invisible"/></tr></table><p class="totop"><a href="#summary">back to summary</a></p>
<h3 id="m21">com.connectsecure.test.ui.connectsecure.TestLogInPage#testLogIn</h3><table class="result"><tr><th class="invisible"/></tr></table><p class="totop"><a href="#summary">back to summary</a></p>
<h3 id="m22">com.connectsecure.test.ui.connectsecure.TestTagRulePage#testAddTagRule</h3><table class="result"><tr><th class="invisible"/></tr></table><p class="totop"><a href="#summary">back to summary</a></p>
<h3 id="m23">com.connectsecure.test.ui.connectsecure.TestTagRulePage#testLogIn</h3><table class="result"><tr><th class="invisible"/></tr></table><p class="totop"><a href="#summary">back to summary</a></p>
<h3 id="m24">com.connectsecure.test.ui.connectsecure.TestTagRulePage#testTagActionDelete</h3><table class="result"><tr><th class="invisible"/></tr></table><p class="totop"><a href="#summary">back to summary</a></p>
<h3 id="m25">com.connectsecure.test.ui.connectsecure.TestTagRulePage#testTagActionEdit</h3><table class="result"><tr><th class="invisible"/></tr></table><p class="totop"><a href="#summary">back to summary</a></p>
</body>
</html>
