<?xml version="1.0" encoding="UTF-8"?>
<testng-results ignored="0" total="26" passed="23" failed="3" skipped="0">
  <reporter-output>
  </reporter-output>
  <suite started-at="2024-04-03T17:30:24 IST" name="tests" finished-at="2024-04-03T17:39:10 IST" duration-ms="526301">
    <groups>
    </groups>
    <test started-at="2024-04-03T17:30:24 IST" name="ReqRes Test Suit" finished-at="2024-04-03T17:39:10 IST" duration-ms="526301">
      <class name="com.connectsecure.test.ui.connectsecure.TestTagRulePage">
        <test-method is-config="true" signature="beforeMethod()[pri:0, instance:com.connectsecure.test.ui.connectsecure.TestTagRulePage@74d7184a]" started-at="2024-04-03T17:37:35 IST" name="beforeMethod" finished-at="2024-04-03T17:37:41 IST" duration-ms="5827" status="PASS">
          <reporter-output>
          </reporter-output>
        </test-method> <!-- beforeMethod -->
        <test-method signature="testLogIn()[pri:23, instance:com.connectsecure.test.ui.connectsecure.TestTagRulePage@74d7184a]" started-at="2024-04-03T17:37:41 IST" name="testLogIn" finished-at="2024-04-03T17:38:09 IST" duration-ms="27895" status="PASS">
          <reporter-output>
          </reporter-output>
        </test-method> <!-- testLogIn -->
        <test-method is-config="true" signature="beforeMethod()[pri:0, instance:com.connectsecure.test.ui.connectsecure.TestTagRulePage@74d7184a]" started-at="2024-04-03T17:38:09 IST" name="beforeMethod" finished-at="2024-04-03T17:38:12 IST" duration-ms="2808" status="PASS">
          <reporter-output>
          </reporter-output>
        </test-method> <!-- beforeMethod -->
        <test-method signature="testAddTagRule()[pri:24, instance:com.connectsecure.test.ui.connectsecure.TestTagRulePage@74d7184a]" started-at="2024-04-03T17:38:12 IST" name="testAddTagRule" finished-at="2024-04-03T17:38:34 IST" duration-ms="22632" status="PASS">
          <reporter-output>
          </reporter-output>
        </test-method> <!-- testAddTagRule -->
        <test-method is-config="true" signature="beforeMethod()[pri:0, instance:com.connectsecure.test.ui.connectsecure.TestTagRulePage@74d7184a]" started-at="2024-04-03T17:38:34 IST" name="beforeMethod" finished-at="2024-04-03T17:38:38 IST" duration-ms="3310" status="PASS">
          <reporter-output>
          </reporter-output>
        </test-method> <!-- beforeMethod -->
        <test-method signature="testTagActionDelete()[pri:25, instance:com.connectsecure.test.ui.connectsecure.TestTagRulePage@74d7184a]" started-at="2024-04-03T17:38:38 IST" name="testTagActionDelete" finished-at="2024-04-03T17:38:47 IST" duration-ms="9649" status="PASS">
          <reporter-output>
          </reporter-output>
        </test-method> <!-- testTagActionDelete -->
        <test-method is-config="true" signature="beforeMethod()[pri:0, instance:com.connectsecure.test.ui.connectsecure.TestTagRulePage@74d7184a]" started-at="2024-04-03T17:38:47 IST" name="beforeMethod" finished-at="2024-04-03T17:38:50 IST" duration-ms="2409" status="PASS">
          <reporter-output>
          </reporter-output>
        </test-method> <!-- beforeMethod -->
        <test-method signature="testTagActionEdit()[pri:26, instance:com.connectsecure.test.ui.connectsecure.TestTagRulePage@74d7184a]" started-at="2024-04-03T17:38:50 IST" name="testTagActionEdit" finished-at="2024-04-03T17:39:10 IST" duration-ms="20311" status="PASS">
          <reporter-output>
          </reporter-output>
        </test-method> <!-- testTagActionEdit -->
        <test-method is-config="true" signature="afterMethod()[pri:0, instance:com.connectsecure.test.ui.connectsecure.TestTagRulePage@74d7184a]" started-at="2024-04-03T17:39:10 IST" name="afterMethod" finished-at="2024-04-03T17:39:10 IST" duration-ms="440" status="PASS">
          <reporter-output>
          </reporter-output>
        </test-method> <!-- afterMethod -->
      </class> <!-- com.connectsecure.test.ui.connectsecure.TestTagRulePage -->
      <class name="com.connectsecure.test.ui.connectsecure.TestGenralSettingsPage">
        <test-method is-config="true" signature="beforeMethod()[pri:0, instance:com.connectsecure.test.ui.connectsecure.TestGenralSettingsPage@12f3afb5]" started-at="2024-04-03T17:32:48 IST" name="beforeMethod" finished-at="2024-04-03T17:32:54 IST" duration-ms="5840" status="PASS">
          <reporter-output>
          </reporter-output>
        </test-method> <!-- beforeMethod -->
        <test-method signature="testLogIn()[pri:6, instance:com.connectsecure.test.ui.connectsecure.TestGenralSettingsPage@12f3afb5]" started-at="2024-04-03T17:32:54 IST" name="testLogIn" finished-at="2024-04-03T17:33:22 IST" duration-ms="28270" status="PASS">
          <reporter-output>
          </reporter-output>
        </test-method> <!-- testLogIn -->
        <test-method is-config="true" signature="beforeMethod()[pri:0, instance:com.connectsecure.test.ui.connectsecure.TestGenralSettingsPage@12f3afb5]" started-at="2024-04-03T17:33:22 IST" name="beforeMethod" finished-at="2024-04-03T17:33:24 IST" duration-ms="1279" status="PASS">
          <reporter-output>
          </reporter-output>
        </test-method> <!-- beforeMethod -->
        <test-method signature="testGenralSetting()[pri:7, instance:com.connectsecure.test.ui.connectsecure.TestGenralSettingsPage@12f3afb5]" started-at="2024-04-03T17:33:24 IST" name="testGenralSetting" finished-at="2024-04-03T17:33:28 IST" duration-ms="4283" status="PASS">
          <reporter-output>
          </reporter-output>
        </test-method> <!-- testGenralSetting -->
        <test-method is-config="true" signature="beforeMethod()[pri:0, instance:com.connectsecure.test.ui.connectsecure.TestGenralSettingsPage@12f3afb5]" started-at="2024-04-03T17:33:28 IST" name="beforeMethod" finished-at="2024-04-03T17:33:31 IST" duration-ms="3527" status="PASS">
          <reporter-output>
          </reporter-output>
        </test-method> <!-- beforeMethod -->
        <test-method signature="testToggleToDarkTheme()[pri:8, instance:com.connectsecure.test.ui.connectsecure.TestGenralSettingsPage@12f3afb5]" started-at="2024-04-03T17:33:31 IST" name="testToggleToDarkTheme" finished-at="2024-04-03T17:33:34 IST" duration-ms="2137" status="PASS">
          <reporter-output>
          </reporter-output>
        </test-method> <!-- testToggleToDarkTheme -->
        <test-method is-config="true" signature="afterMethod()[pri:0, instance:com.connectsecure.test.ui.connectsecure.TestGenralSettingsPage@12f3afb5]" started-at="2024-04-03T17:33:34 IST" name="afterMethod" finished-at="2024-04-03T17:33:34 IST" duration-ms="375" status="PASS">
          <reporter-output>
          </reporter-output>
        </test-method> <!-- afterMethod -->
      </class> <!-- com.connectsecure.test.ui.connectsecure.TestGenralSettingsPage -->
      <class name="com.connectsecure.test.ui.connectsecure.TestDeleteCompanyPage">
        <test-method is-config="true" signature="beforeMethod()[pri:0, instance:com.connectsecure.test.ui.connectsecure.TestDeleteCompanyPage@2c22a348]" started-at="2024-04-03T17:31:58 IST" name="beforeMethod" finished-at="2024-04-03T17:32:04 IST" duration-ms="5789" status="PASS">
          <reporter-output>
          </reporter-output>
        </test-method> <!-- beforeMethod -->
        <test-method signature="testLogIn()[pri:4, instance:com.connectsecure.test.ui.connectsecure.TestDeleteCompanyPage@2c22a348]" started-at="2024-04-03T17:32:04 IST" name="testLogIn" finished-at="2024-04-03T17:32:32 IST" duration-ms="28163" status="PASS">
          <reporter-output>
          </reporter-output>
        </test-method> <!-- testLogIn -->
        <test-method is-config="true" signature="beforeMethod()[pri:0, instance:com.connectsecure.test.ui.connectsecure.TestDeleteCompanyPage@2c22a348]" started-at="2024-04-03T17:32:32 IST" name="beforeMethod" finished-at="2024-04-03T17:32:36 IST" duration-ms="4379" status="PASS">
          <reporter-output>
          </reporter-output>
        </test-method> <!-- beforeMethod -->
        <test-method signature="testDeleteCompany()[pri:5, instance:com.connectsecure.test.ui.connectsecure.TestDeleteCompanyPage@2c22a348]" started-at="2024-04-03T17:32:36 IST" name="testDeleteCompany" finished-at="2024-04-03T17:32:48 IST" duration-ms="11687" status="PASS">
          <reporter-output>
          </reporter-output>
        </test-method> <!-- testDeleteCompany -->
        <test-method is-config="true" signature="afterMethod()[pri:0, instance:com.connectsecure.test.ui.connectsecure.TestDeleteCompanyPage@2c22a348]" started-at="2024-04-03T17:32:48 IST" name="afterMethod" finished-at="2024-04-03T17:32:48 IST" duration-ms="422" status="PASS">
          <reporter-output>
          </reporter-output>
        </test-method> <!-- afterMethod -->
      </class> <!-- com.connectsecure.test.ui.connectsecure.TestDeleteCompanyPage -->
      <class name="com.connectsecure.test.ui.connectsecure.TestGlobalSettingsPage">
        <test-method is-config="true" signature="beforeMethod()[pri:0, instance:com.connectsecure.test.ui.connectsecure.TestGlobalSettingsPage@7bd69e82]" started-at="2024-04-03T17:33:34 IST" name="beforeMethod" finished-at="2024-04-03T17:33:40 IST" duration-ms="6026" status="PASS">
          <reporter-output>
          </reporter-output>
        </test-method> <!-- beforeMethod -->
        <test-method signature="testLogIn()[pri:9, instance:com.connectsecure.test.ui.connectsecure.TestGlobalSettingsPage@7bd69e82]" started-at="2024-04-03T17:33:40 IST" name="testLogIn" finished-at="2024-04-03T17:34:08 IST" duration-ms="27694" status="PASS">
          <reporter-output>
          </reporter-output>
        </test-method> <!-- testLogIn -->
        <test-method is-config="true" signature="beforeMethod()[pri:0, instance:com.connectsecure.test.ui.connectsecure.TestGlobalSettingsPage@7bd69e82]" started-at="2024-04-03T17:34:08 IST" name="beforeMethod" finished-at="2024-04-03T17:34:11 IST" duration-ms="3016" status="PASS">
          <reporter-output>
          </reporter-output>
        </test-method> <!-- beforeMethod -->
        <test-method signature="testTimezoneSetting()[pri:10, instance:com.connectsecure.test.ui.connectsecure.TestGlobalSettingsPage@7bd69e82]" started-at="2024-04-03T17:34:11 IST" name="testTimezoneSetting" finished-at="2024-04-03T17:34:19 IST" duration-ms="7875" status="PASS">
          <reporter-output>
          </reporter-output>
        </test-method> <!-- testTimezoneSetting -->
        <test-method is-config="true" signature="beforeMethod()[pri:0, instance:com.connectsecure.test.ui.connectsecure.TestGlobalSettingsPage@7bd69e82]" started-at="2024-04-03T17:34:19 IST" name="beforeMethod" finished-at="2024-04-03T17:34:21 IST" duration-ms="2865" status="PASS">
          <reporter-output>
          </reporter-output>
        </test-method> <!-- beforeMethod -->
        <test-method signature="testCustomDateFormatSetting()[pri:11, instance:com.connectsecure.test.ui.connectsecure.TestGlobalSettingsPage@7bd69e82]" started-at="2024-04-03T17:34:21 IST" name="testCustomDateFormatSetting" finished-at="2024-04-03T17:34:28 IST" duration-ms="7058" status="PASS">
          <reporter-output>
          </reporter-output>
        </test-method> <!-- testCustomDateFormatSetting -->
        <test-method is-config="true" signature="beforeMethod()[pri:0, instance:com.connectsecure.test.ui.connectsecure.TestGlobalSettingsPage@7bd69e82]" started-at="2024-04-03T17:34:28 IST" name="beforeMethod" finished-at="2024-04-03T17:34:31 IST" duration-ms="2805" status="PASS">
          <reporter-output>
          </reporter-output>
        </test-method> <!-- beforeMethod -->
        <test-method signature="testSessionTimeoutSetting()[pri:12, instance:com.connectsecure.test.ui.connectsecure.TestGlobalSettingsPage@7bd69e82]" started-at="2024-04-03T17:34:31 IST" name="testSessionTimeoutSetting" finished-at="2024-04-03T17:34:41 IST" duration-ms="9522" status="PASS">
          <reporter-output>
          </reporter-output>
        </test-method> <!-- testSessionTimeoutSetting -->
        <test-method is-config="true" signature="beforeMethod()[pri:0, instance:com.connectsecure.test.ui.connectsecure.TestGlobalSettingsPage@7bd69e82]" started-at="2024-04-03T17:34:41 IST" name="beforeMethod" finished-at="2024-04-03T17:34:45 IST" duration-ms="3947" status="PASS">
          <reporter-output>
          </reporter-output>
        </test-method> <!-- beforeMethod -->
        <test-method signature="testPortsPolicySetting()[pri:13, instance:com.connectsecure.test.ui.connectsecure.TestGlobalSettingsPage@7bd69e82]" started-at="2024-04-03T17:34:45 IST" name="testPortsPolicySetting" finished-at="2024-04-03T17:35:10 IST" duration-ms="25231" status="FAIL">
          <exception class="org.openqa.selenium.NoSuchElementException">
            <message>
              <![CDATA[no such element: Unable to locate element: {"method":"xpath","selector":"//*[contains(text(),'cancel')]"}
  (Session info: chrome=123.0.6312.105)
For documentation on this error, please visit: https://www.selenium.dev/documentation/webdriver/troubleshooting/errors#no-such-element-exception
Build info: version: '4.10.0', revision: 'c14d967899'
System info: os.name: 'Mac OS X', os.arch: 'x86_64', os.version: '12.7.3', java.version: '22'
Driver info: org.openqa.selenium.chrome.ChromeDriver
Command: [54f4bcd398f27ed7e22e0d6ddd46541e, findElement {using=xpath, value=//*[contains(text(),'cancel')]}]
Capabilities {acceptInsecureCerts: false, browserName: chrome, browserVersion: 123.0.6312.105, chrome: {chromedriverVersion: 123.0.6312.58 (6b4b19e9dfbb..., userDataDir: /var/folders/1t/7s5nfm7n50d...}, fedcm:accounts: true, goog:chromeOptions: {debuggerAddress: localhost:58962}, networkConnectionEnabled: false, pageLoadStrategy: normal, platformName: mac, proxy: Proxy(), se:cdp: ws://localhost:58962/devtoo..., se:cdpVersion: 123.0.6312.105, setWindowRect: true, strictFileInteractability: false, timeouts: {implicit: 0, pageLoad: 300000, script: 30000}, unhandledPromptBehavior: dismiss and notify, webauthn:extension:credBlob: true, webauthn:extension:largeBlob: true, webauthn:extension:minPinLength: true, webauthn:extension:prf: true, webauthn:virtualAuthenticators: true}
Session ID: 54f4bcd398f27ed7e22e0d6ddd46541e]]>
            </message>
            <full-stacktrace>
              <![CDATA[org.openqa.selenium.NoSuchElementException: no such element: Unable to locate element: {"method":"xpath","selector":"//*[contains(text(),'cancel')]"}
  (Session info: chrome=123.0.6312.105)
For documentation on this error, please visit: https://www.selenium.dev/documentation/webdriver/troubleshooting/errors#no-such-element-exception
Build info: version: '4.10.0', revision: 'c14d967899'
System info: os.name: 'Mac OS X', os.arch: 'x86_64', os.version: '12.7.3', java.version: '22'
Driver info: org.openqa.selenium.chrome.ChromeDriver
Command: [54f4bcd398f27ed7e22e0d6ddd46541e, findElement {using=xpath, value=//*[contains(text(),'cancel')]}]
Capabilities {acceptInsecureCerts: false, browserName: chrome, browserVersion: 123.0.6312.105, chrome: {chromedriverVersion: 123.0.6312.58 (6b4b19e9dfbb..., userDataDir: /var/folders/1t/7s5nfm7n50d...}, fedcm:accounts: true, goog:chromeOptions: {debuggerAddress: localhost:58962}, networkConnectionEnabled: false, pageLoadStrategy: normal, platformName: mac, proxy: Proxy(), se:cdp: ws://localhost:58962/devtoo..., se:cdpVersion: 123.0.6312.105, setWindowRect: true, strictFileInteractability: false, timeouts: {implicit: 0, pageLoad: 300000, script: 30000}, unhandledPromptBehavior: dismiss and notify, webauthn:extension:credBlob: true, webauthn:extension:largeBlob: true, webauthn:extension:minPinLength: true, webauthn:extension:prf: true, webauthn:virtualAuthenticators: true}
Session ID: 54f4bcd398f27ed7e22e0d6ddd46541e
at java.base/jdk.internal.reflect.DirectConstructorHandleAccessor.newInstance(DirectConstructorHandleAccessor.java:62)
at java.base/java.lang.reflect.Constructor.newInstanceWithCaller(Constructor.java:502)
at java.base/java.lang.reflect.Constructor.newInstance(Constructor.java:486)
at org.openqa.selenium.remote.codec.w3c.W3CHttpResponseCodec.createException(W3CHttpResponseCodec.java:199)
at org.openqa.selenium.remote.codec.w3c.W3CHttpResponseCodec.decode(W3CHttpResponseCodec.java:132)
at org.openqa.selenium.remote.codec.w3c.W3CHttpResponseCodec.decode(W3CHttpResponseCodec.java:51)
at org.openqa.selenium.remote.HttpCommandExecutor.execute(HttpCommandExecutor.java:191)
at org.openqa.selenium.remote.service.DriverCommandExecutor.invokeExecute(DriverCommandExecutor.java:196)
at org.openqa.selenium.remote.service.DriverCommandExecutor.execute(DriverCommandExecutor.java:171)
at org.openqa.selenium.remote.RemoteWebDriver.execute(RemoteWebDriver.java:531)
at org.openqa.selenium.remote.ElementLocation$ElementFinder$2.findElement(ElementLocation.java:165)
at org.openqa.selenium.remote.ElementLocation.findElement(ElementLocation.java:59)
at org.openqa.selenium.remote.RemoteWebDriver.findElement(RemoteWebDriver.java:350)
at org.openqa.selenium.remote.RemoteWebDriver.findElement(RemoteWebDriver.java:344)
at org.openqa.selenium.support.pagefactory.DefaultElementLocator.findElement(DefaultElementLocator.java:68)
at org.openqa.selenium.support.pagefactory.internal.LocatingElementHandler.invoke(LocatingElementHandler.java:38)
at jdk.proxy2/jdk.proxy2.$Proxy16.isEnabled(Unknown Source)
at com.base.utils.WebDriverFactory.clickWebElement(WebDriverFactory.java:150)
at com.base.helper.ui.connectsecure.GlobalSettingHelper.enterInsecurePortsId(GlobalSettingHelper.java:146)
at com.connectsecure.test.ui.connectsecure.TestGlobalSettingsPage.testPortsPolicySetting(TestGlobalSettingsPage.java:103)
at java.base/jdk.internal.reflect.DirectMethodHandleAccessor.invoke(DirectMethodHandleAccessor.java:103)
at java.base/java.lang.reflect.Method.invoke(Method.java:580)
at org.testng.internal.MethodInvocationHelper.invokeMethod(MethodInvocationHelper.java:134)
at org.testng.internal.TestInvoker.invokeMethod(TestInvoker.java:597)
at org.testng.internal.TestInvoker.invokeTestMethod(TestInvoker.java:173)
at org.testng.internal.MethodRunner.runInSequence(MethodRunner.java:46)
at org.testng.internal.TestInvoker$MethodInvocationAgent.invoke(TestInvoker.java:816)
at org.testng.internal.TestInvoker.invokeTestMethods(TestInvoker.java:146)
at org.testng.internal.TestMethodWorker.invokeTestMethods(TestMethodWorker.java:146)
at org.testng.internal.TestMethodWorker.run(TestMethodWorker.java:128)
at java.base/java.util.concurrent.ThreadPoolExecutor.runWorker(ThreadPoolExecutor.java:1144)
at java.base/java.util.concurrent.ThreadPoolExecutor$Worker.run(ThreadPoolExecutor.java:642)
at java.base/java.lang.Thread.run(Thread.java:1570)
]]>
            </full-stacktrace>
          </exception> <!-- org.openqa.selenium.NoSuchElementException -->
          <reporter-output>
          </reporter-output>
        </test-method> <!-- testPortsPolicySetting -->
        <test-method is-config="true" signature="beforeMethod()[pri:0, instance:com.connectsecure.test.ui.connectsecure.TestGlobalSettingsPage@7bd69e82]" started-at="2024-04-03T17:35:10 IST" name="beforeMethod" finished-at="2024-04-03T17:35:13 IST" duration-ms="2711" status="PASS">
          <reporter-output>
          </reporter-output>
        </test-method> <!-- beforeMethod -->
        <test-method signature="testDepricationDaysSetting()[pri:14, instance:com.connectsecure.test.ui.connectsecure.TestGlobalSettingsPage@7bd69e82]" started-at="2024-04-03T17:35:13 IST" name="testDepricationDaysSetting" finished-at="2024-04-03T17:35:25 IST" duration-ms="12785" status="PASS">
          <reporter-output>
          </reporter-output>
        </test-method> <!-- testDepricationDaysSetting -->
        <test-method is-config="true" signature="beforeMethod()[pri:0, instance:com.connectsecure.test.ui.connectsecure.TestGlobalSettingsPage@7bd69e82]" started-at="2024-04-03T17:35:25 IST" name="beforeMethod" finished-at="2024-04-03T17:35:27 IST" duration-ms="1972" status="PASS">
          <reporter-output>
          </reporter-output>
        </test-method> <!-- beforeMethod -->
        <test-method signature="testWhiteLabelSetting()[pri:15, instance:com.connectsecure.test.ui.connectsecure.TestGlobalSettingsPage@7bd69e82]" started-at="2024-04-03T17:35:27 IST" name="testWhiteLabelSetting" finished-at="2024-04-03T17:35:40 IST" duration-ms="12631" status="PASS">
          <reporter-output>
          </reporter-output>
        </test-method> <!-- testWhiteLabelSetting -->
        <test-method is-config="true" signature="beforeMethod()[pri:0, instance:com.connectsecure.test.ui.connectsecure.TestGlobalSettingsPage@7bd69e82]" started-at="2024-04-03T17:35:40 IST" name="beforeMethod" finished-at="2024-04-03T17:35:44 IST" duration-ms="3922" status="PASS">
          <reporter-output>
          </reporter-output>
        </test-method> <!-- beforeMethod -->
        <test-method signature="testAddEdrApplicationSetting()[pri:16, instance:com.connectsecure.test.ui.connectsecure.TestGlobalSettingsPage@7bd69e82]" started-at="2024-04-03T17:35:44 IST" name="testAddEdrApplicationSetting" finished-at="2024-04-03T17:35:58 IST" duration-ms="14244" status="PASS">
          <reporter-output>
          </reporter-output>
        </test-method> <!-- testAddEdrApplicationSetting -->
        <test-method is-config="true" signature="beforeMethod()[pri:0, instance:com.connectsecure.test.ui.connectsecure.TestGlobalSettingsPage@7bd69e82]" started-at="2024-04-03T17:35:58 IST" name="beforeMethod" finished-at="2024-04-03T17:36:00 IST" duration-ms="2239" status="PASS">
          <reporter-output>
          </reporter-output>
        </test-method> <!-- beforeMethod -->
        <test-method signature="testEdrExcludeSetting()[pri:17, instance:com.connectsecure.test.ui.connectsecure.TestGlobalSettingsPage@7bd69e82]" started-at="2024-04-03T17:36:00 IST" name="testEdrExcludeSetting" finished-at="2024-04-03T17:36:23 IST" duration-ms="22724" status="PASS">
          <reporter-output>
          </reporter-output>
        </test-method> <!-- testEdrExcludeSetting -->
        <test-method is-config="true" signature="beforeMethod()[pri:0, instance:com.connectsecure.test.ui.connectsecure.TestGlobalSettingsPage@7bd69e82]" started-at="2024-04-03T17:36:23 IST" name="beforeMethod" finished-at="2024-04-03T17:36:27 IST" duration-ms="4198" status="PASS">
          <reporter-output>
          </reporter-output>
        </test-method> <!-- beforeMethod -->
        <test-method signature="testComplianceScanSettings()[pri:18, instance:com.connectsecure.test.ui.connectsecure.TestGlobalSettingsPage@7bd69e82]" started-at="2024-04-03T17:36:27 IST" name="testComplianceScanSettings" finished-at="2024-04-03T17:36:39 IST" duration-ms="11964" status="PASS">
          <reporter-output>
          </reporter-output>
        </test-method> <!-- testComplianceScanSettings -->
        <test-method is-config="true" signature="beforeMethod()[pri:0, instance:com.connectsecure.test.ui.connectsecure.TestGlobalSettingsPage@7bd69e82]" started-at="2024-04-03T17:36:39 IST" name="beforeMethod" finished-at="2024-04-03T17:36:42 IST" duration-ms="2486" status="PASS">
          <reporter-output>
          </reporter-output>
        </test-method> <!-- beforeMethod -->
        <test-method signature="testAddBackupSoftwareSetting()[pri:19, instance:com.connectsecure.test.ui.connectsecure.TestGlobalSettingsPage@7bd69e82]" started-at="2024-04-03T17:36:42 IST" name="testAddBackupSoftwareSetting" finished-at="2024-04-03T17:36:56 IST" duration-ms="14332" status="FAIL">
          <exception class="org.openqa.selenium.NoSuchElementException">
            <message>
              <![CDATA[no such element: Unable to locate element: {"method":"xpath","selector":"//input[@name='globalSearch']"}
  (Session info: chrome=123.0.6312.105)
For documentation on this error, please visit: https://www.selenium.dev/documentation/webdriver/troubleshooting/errors#no-such-element-exception
Build info: version: '4.10.0', revision: 'c14d967899'
System info: os.name: 'Mac OS X', os.arch: 'x86_64', os.version: '12.7.3', java.version: '22'
Driver info: org.openqa.selenium.chrome.ChromeDriver
Command: [54f4bcd398f27ed7e22e0d6ddd46541e, findElement {using=xpath, value=//input[@name='globalSearch']}]
Capabilities {acceptInsecureCerts: false, browserName: chrome, browserVersion: 123.0.6312.105, chrome: {chromedriverVersion: 123.0.6312.58 (6b4b19e9dfbb..., userDataDir: /var/folders/1t/7s5nfm7n50d...}, fedcm:accounts: true, goog:chromeOptions: {debuggerAddress: localhost:58962}, networkConnectionEnabled: false, pageLoadStrategy: normal, platformName: mac, proxy: Proxy(), se:cdp: ws://localhost:58962/devtoo..., se:cdpVersion: 123.0.6312.105, setWindowRect: true, strictFileInteractability: false, timeouts: {implicit: 0, pageLoad: 300000, script: 30000}, unhandledPromptBehavior: dismiss and notify, webauthn:extension:credBlob: true, webauthn:extension:largeBlob: true, webauthn:extension:minPinLength: true, webauthn:extension:prf: true, webauthn:virtualAuthenticators: true}
Session ID: 54f4bcd398f27ed7e22e0d6ddd46541e]]>
            </message>
            <full-stacktrace>
              <![CDATA[org.openqa.selenium.NoSuchElementException: no such element: Unable to locate element: {"method":"xpath","selector":"//input[@name='globalSearch']"}
  (Session info: chrome=123.0.6312.105)
For documentation on this error, please visit: https://www.selenium.dev/documentation/webdriver/troubleshooting/errors#no-such-element-exception
Build info: version: '4.10.0', revision: 'c14d967899'
System info: os.name: 'Mac OS X', os.arch: 'x86_64', os.version: '12.7.3', java.version: '22'
Driver info: org.openqa.selenium.chrome.ChromeDriver
Command: [54f4bcd398f27ed7e22e0d6ddd46541e, findElement {using=xpath, value=//input[@name='globalSearch']}]
Capabilities {acceptInsecureCerts: false, browserName: chrome, browserVersion: 123.0.6312.105, chrome: {chromedriverVersion: 123.0.6312.58 (6b4b19e9dfbb..., userDataDir: /var/folders/1t/7s5nfm7n50d...}, fedcm:accounts: true, goog:chromeOptions: {debuggerAddress: localhost:58962}, networkConnectionEnabled: false, pageLoadStrategy: normal, platformName: mac, proxy: Proxy(), se:cdp: ws://localhost:58962/devtoo..., se:cdpVersion: 123.0.6312.105, setWindowRect: true, strictFileInteractability: false, timeouts: {implicit: 0, pageLoad: 300000, script: 30000}, unhandledPromptBehavior: dismiss and notify, webauthn:extension:credBlob: true, webauthn:extension:largeBlob: true, webauthn:extension:minPinLength: true, webauthn:extension:prf: true, webauthn:virtualAuthenticators: true}
Session ID: 54f4bcd398f27ed7e22e0d6ddd46541e
at java.base/jdk.internal.reflect.DirectConstructorHandleAccessor.newInstance(DirectConstructorHandleAccessor.java:62)
at java.base/java.lang.reflect.Constructor.newInstanceWithCaller(Constructor.java:502)
at java.base/java.lang.reflect.Constructor.newInstance(Constructor.java:486)
at org.openqa.selenium.remote.codec.w3c.W3CHttpResponseCodec.createException(W3CHttpResponseCodec.java:199)
at org.openqa.selenium.remote.codec.w3c.W3CHttpResponseCodec.decode(W3CHttpResponseCodec.java:132)
at org.openqa.selenium.remote.codec.w3c.W3CHttpResponseCodec.decode(W3CHttpResponseCodec.java:51)
at org.openqa.selenium.remote.HttpCommandExecutor.execute(HttpCommandExecutor.java:191)
at org.openqa.selenium.remote.service.DriverCommandExecutor.invokeExecute(DriverCommandExecutor.java:196)
at org.openqa.selenium.remote.service.DriverCommandExecutor.execute(DriverCommandExecutor.java:171)
at org.openqa.selenium.remote.RemoteWebDriver.execute(RemoteWebDriver.java:531)
at org.openqa.selenium.remote.ElementLocation$ElementFinder$2.findElement(ElementLocation.java:165)
at org.openqa.selenium.remote.ElementLocation.findElement(ElementLocation.java:59)
at org.openqa.selenium.remote.RemoteWebDriver.findElement(RemoteWebDriver.java:350)
at org.openqa.selenium.remote.RemoteWebDriver.findElement(RemoteWebDriver.java:344)
at org.openqa.selenium.support.pagefactory.DefaultElementLocator.findElement(DefaultElementLocator.java:68)
at org.openqa.selenium.support.pagefactory.internal.LocatingElementHandler.invoke(LocatingElementHandler.java:38)
at jdk.proxy2/jdk.proxy2.$Proxy16.isEnabled(Unknown Source)
at com.base.utils.WebDriverFactory.sendKeys(WebDriverFactory.java:189)
at com.base.helper.ui.connectsecure.GlobalSettingHelper.enterSoftwareNameToAddInExclude(GlobalSettingHelper.java:474)
at com.connectsecure.test.ui.connectsecure.TestGlobalSettingsPage.testAddBackupSoftwareSetting(TestGlobalSettingsPage.java:173)
at java.base/jdk.internal.reflect.DirectMethodHandleAccessor.invoke(DirectMethodHandleAccessor.java:103)
at java.base/java.lang.reflect.Method.invoke(Method.java:580)
at org.testng.internal.MethodInvocationHelper.invokeMethod(MethodInvocationHelper.java:134)
at org.testng.internal.TestInvoker.invokeMethod(TestInvoker.java:597)
at org.testng.internal.TestInvoker.invokeTestMethod(TestInvoker.java:173)
at org.testng.internal.MethodRunner.runInSequence(MethodRunner.java:46)
at org.testng.internal.TestInvoker$MethodInvocationAgent.invoke(TestInvoker.java:816)
at org.testng.internal.TestInvoker.invokeTestMethods(TestInvoker.java:146)
at org.testng.internal.TestMethodWorker.invokeTestMethods(TestMethodWorker.java:146)
at org.testng.internal.TestMethodWorker.run(TestMethodWorker.java:128)
at java.base/java.util.concurrent.ThreadPoolExecutor.runWorker(ThreadPoolExecutor.java:1144)
at java.base/java.util.concurrent.ThreadPoolExecutor$Worker.run(ThreadPoolExecutor.java:642)
at java.base/java.lang.Thread.run(Thread.java:1570)
]]>
            </full-stacktrace>
          </exception> <!-- org.openqa.selenium.NoSuchElementException -->
          <reporter-output>
          </reporter-output>
        </test-method> <!-- testAddBackupSoftwareSetting -->
        <test-method is-config="true" signature="beforeMethod()[pri:0, instance:com.connectsecure.test.ui.connectsecure.TestGlobalSettingsPage@7bd69e82]" started-at="2024-04-03T17:36:56 IST" name="beforeMethod" finished-at="2024-04-03T17:37:00 IST" duration-ms="3946" status="PASS">
          <reporter-output>
          </reporter-output>
        </test-method> <!-- beforeMethod -->
        <test-method signature="testBackupExcludeSetting()[pri:20, instance:com.connectsecure.test.ui.connectsecure.TestGlobalSettingsPage@7bd69e82]" started-at="2024-04-03T17:37:00 IST" name="testBackupExcludeSetting" finished-at="2024-04-03T17:37:17 IST" duration-ms="16646" status="PASS">
          <reporter-output>
          </reporter-output>
        </test-method> <!-- testBackupExcludeSetting -->
        <test-method is-config="true" signature="beforeMethod()[pri:0, instance:com.connectsecure.test.ui.connectsecure.TestGlobalSettingsPage@7bd69e82]" started-at="2024-04-03T17:37:17 IST" name="beforeMethod" finished-at="2024-04-03T17:37:20 IST" duration-ms="2822" status="PASS">
          <reporter-output>
          </reporter-output>
        </test-method> <!-- beforeMethod -->
        <test-method signature="testAddSoftwareToExcludeAndRemove()[pri:21, instance:com.connectsecure.test.ui.connectsecure.TestGlobalSettingsPage@7bd69e82]" started-at="2024-04-03T17:37:20 IST" name="testAddSoftwareToExcludeAndRemove" finished-at="2024-04-03T17:37:21 IST" duration-ms="1552" status="FAIL">
          <exception class="org.openqa.selenium.NoSuchElementException">
            <message>
              <![CDATA[no such element: Unable to locate element: {"method":"xpath","selector":"//input[@name='globalSearch']"}
  (Session info: chrome=123.0.6312.105)
For documentation on this error, please visit: https://www.selenium.dev/documentation/webdriver/troubleshooting/errors#no-such-element-exception
Build info: version: '4.10.0', revision: 'c14d967899'
System info: os.name: 'Mac OS X', os.arch: 'x86_64', os.version: '12.7.3', java.version: '22'
Driver info: org.openqa.selenium.chrome.ChromeDriver
Command: [54f4bcd398f27ed7e22e0d6ddd46541e, findElement {using=xpath, value=//input[@name='globalSearch']}]
Capabilities {acceptInsecureCerts: false, browserName: chrome, browserVersion: 123.0.6312.105, chrome: {chromedriverVersion: 123.0.6312.58 (6b4b19e9dfbb..., userDataDir: /var/folders/1t/7s5nfm7n50d...}, fedcm:accounts: true, goog:chromeOptions: {debuggerAddress: localhost:58962}, networkConnectionEnabled: false, pageLoadStrategy: normal, platformName: mac, proxy: Proxy(), se:cdp: ws://localhost:58962/devtoo..., se:cdpVersion: 123.0.6312.105, setWindowRect: true, strictFileInteractability: false, timeouts: {implicit: 0, pageLoad: 300000, script: 30000}, unhandledPromptBehavior: dismiss and notify, webauthn:extension:credBlob: true, webauthn:extension:largeBlob: true, webauthn:extension:minPinLength: true, webauthn:extension:prf: true, webauthn:virtualAuthenticators: true}
Session ID: 54f4bcd398f27ed7e22e0d6ddd46541e]]>
            </message>
            <full-stacktrace>
              <![CDATA[org.openqa.selenium.NoSuchElementException: no such element: Unable to locate element: {"method":"xpath","selector":"//input[@name='globalSearch']"}
  (Session info: chrome=123.0.6312.105)
For documentation on this error, please visit: https://www.selenium.dev/documentation/webdriver/troubleshooting/errors#no-such-element-exception
Build info: version: '4.10.0', revision: 'c14d967899'
System info: os.name: 'Mac OS X', os.arch: 'x86_64', os.version: '12.7.3', java.version: '22'
Driver info: org.openqa.selenium.chrome.ChromeDriver
Command: [54f4bcd398f27ed7e22e0d6ddd46541e, findElement {using=xpath, value=//input[@name='globalSearch']}]
Capabilities {acceptInsecureCerts: false, browserName: chrome, browserVersion: 123.0.6312.105, chrome: {chromedriverVersion: 123.0.6312.58 (6b4b19e9dfbb..., userDataDir: /var/folders/1t/7s5nfm7n50d...}, fedcm:accounts: true, goog:chromeOptions: {debuggerAddress: localhost:58962}, networkConnectionEnabled: false, pageLoadStrategy: normal, platformName: mac, proxy: Proxy(), se:cdp: ws://localhost:58962/devtoo..., se:cdpVersion: 123.0.6312.105, setWindowRect: true, strictFileInteractability: false, timeouts: {implicit: 0, pageLoad: 300000, script: 30000}, unhandledPromptBehavior: dismiss and notify, webauthn:extension:credBlob: true, webauthn:extension:largeBlob: true, webauthn:extension:minPinLength: true, webauthn:extension:prf: true, webauthn:virtualAuthenticators: true}
Session ID: 54f4bcd398f27ed7e22e0d6ddd46541e
at java.base/jdk.internal.reflect.DirectConstructorHandleAccessor.newInstance(DirectConstructorHandleAccessor.java:62)
at java.base/java.lang.reflect.Constructor.newInstanceWithCaller(Constructor.java:502)
at java.base/java.lang.reflect.Constructor.newInstance(Constructor.java:486)
at org.openqa.selenium.remote.codec.w3c.W3CHttpResponseCodec.createException(W3CHttpResponseCodec.java:199)
at org.openqa.selenium.remote.codec.w3c.W3CHttpResponseCodec.decode(W3CHttpResponseCodec.java:132)
at org.openqa.selenium.remote.codec.w3c.W3CHttpResponseCodec.decode(W3CHttpResponseCodec.java:51)
at org.openqa.selenium.remote.HttpCommandExecutor.execute(HttpCommandExecutor.java:191)
at org.openqa.selenium.remote.service.DriverCommandExecutor.invokeExecute(DriverCommandExecutor.java:196)
at org.openqa.selenium.remote.service.DriverCommandExecutor.execute(DriverCommandExecutor.java:171)
at org.openqa.selenium.remote.RemoteWebDriver.execute(RemoteWebDriver.java:531)
at org.openqa.selenium.remote.ElementLocation$ElementFinder$2.findElement(ElementLocation.java:165)
at org.openqa.selenium.remote.ElementLocation.findElement(ElementLocation.java:59)
at org.openqa.selenium.remote.RemoteWebDriver.findElement(RemoteWebDriver.java:350)
at org.openqa.selenium.remote.RemoteWebDriver.findElement(RemoteWebDriver.java:344)
at org.openqa.selenium.support.pagefactory.DefaultElementLocator.findElement(DefaultElementLocator.java:68)
at org.openqa.selenium.support.pagefactory.internal.LocatingElementHandler.invoke(LocatingElementHandler.java:38)
at jdk.proxy2/jdk.proxy2.$Proxy16.isEnabled(Unknown Source)
at com.base.utils.WebDriverFactory.sendKeys(WebDriverFactory.java:189)
at com.base.helper.ui.connectsecure.GlobalSettingHelper.enterSoftwareNameToAddInExclude(GlobalSettingHelper.java:474)
at com.connectsecure.test.ui.connectsecure.TestGlobalSettingsPage.testAddSoftwareToExcludeAndRemove(TestGlobalSettingsPage.java:196)
at java.base/jdk.internal.reflect.DirectMethodHandleAccessor.invoke(DirectMethodHandleAccessor.java:103)
at java.base/java.lang.reflect.Method.invoke(Method.java:580)
at org.testng.internal.MethodInvocationHelper.invokeMethod(MethodInvocationHelper.java:134)
at org.testng.internal.TestInvoker.invokeMethod(TestInvoker.java:597)
at org.testng.internal.TestInvoker.invokeTestMethod(TestInvoker.java:173)
at org.testng.internal.MethodRunner.runInSequence(MethodRunner.java:46)
at org.testng.internal.TestInvoker$MethodInvocationAgent.invoke(TestInvoker.java:816)
at org.testng.internal.TestInvoker.invokeTestMethods(TestInvoker.java:146)
at org.testng.internal.TestMethodWorker.invokeTestMethods(TestMethodWorker.java:146)
at org.testng.internal.TestMethodWorker.run(TestMethodWorker.java:128)
at java.base/java.util.concurrent.ThreadPoolExecutor.runWorker(ThreadPoolExecutor.java:1144)
at java.base/java.util.concurrent.ThreadPoolExecutor$Worker.run(ThreadPoolExecutor.java:642)
at java.base/java.lang.Thread.run(Thread.java:1570)
]]>
            </full-stacktrace>
          </exception> <!-- org.openqa.selenium.NoSuchElementException -->
          <reporter-output>
          </reporter-output>
        </test-method> <!-- testAddSoftwareToExcludeAndRemove -->
        <test-method is-config="true" signature="beforeMethod()[pri:0, instance:com.connectsecure.test.ui.connectsecure.TestGlobalSettingsPage@7bd69e82]" started-at="2024-04-03T17:37:21 IST" name="beforeMethod" finished-at="2024-04-03T17:37:25 IST" duration-ms="3706" status="PASS">
          <reporter-output>
          </reporter-output>
        </test-method> <!-- beforeMethod -->
        <test-method signature="testLwAgentScanSetting()[pri:22, instance:com.connectsecure.test.ui.connectsecure.TestGlobalSettingsPage@7bd69e82]" started-at="2024-04-03T17:37:25 IST" name="testLwAgentScanSetting" finished-at="2024-04-03T17:37:35 IST" duration-ms="9689" status="PASS">
          <reporter-output>
          </reporter-output>
        </test-method> <!-- testLwAgentScanSetting -->
        <test-method is-config="true" signature="afterMethod()[pri:0, instance:com.connectsecure.test.ui.connectsecure.TestGlobalSettingsPage@7bd69e82]" started-at="2024-04-03T17:37:35 IST" name="afterMethod" finished-at="2024-04-03T17:37:35 IST" duration-ms="628" status="PASS">
          <reporter-output>
          </reporter-output>
        </test-method> <!-- afterMethod -->
      </class> <!-- com.connectsecure.test.ui.connectsecure.TestGlobalSettingsPage -->
      <class name="com.connectsecure.test.ui.connectsecure.TestLogInPage">
        <test-method is-config="true" signature="beforeMethod()[pri:0, instance:com.connectsecure.test.ui.connectsecure.TestLogInPage@1e392345]" started-at="2024-04-03T17:30:24 IST" name="beforeMethod" finished-at="2024-04-03T17:30:34 IST" duration-ms="9796" status="PASS">
          <reporter-output>
          </reporter-output>
        </test-method> <!-- beforeMethod -->
        <test-method signature="testLogIn()[pri:1, instance:com.connectsecure.test.ui.connectsecure.TestLogInPage@1e392345]" started-at="2024-04-03T17:30:34 IST" name="testLogIn" finished-at="2024-04-03T17:31:04 IST" duration-ms="29436" status="PASS">
          <reporter-output>
          </reporter-output>
        </test-method> <!-- testLogIn -->
        <test-method is-config="true" signature="afterMethod()[pri:0, instance:com.connectsecure.test.ui.connectsecure.TestLogInPage@1e392345]" started-at="2024-04-03T17:31:04 IST" name="afterMethod" finished-at="2024-04-03T17:31:04 IST" duration-ms="408" status="PASS">
          <reporter-output>
          </reporter-output>
        </test-method> <!-- afterMethod -->
      </class> <!-- com.connectsecure.test.ui.connectsecure.TestLogInPage -->
      <class name="com.connectsecure.test.ui.connectsecure.TestCreateCompanyPage">
        <test-method is-config="true" signature="beforeMethod()[pri:0, instance:com.connectsecure.test.ui.connectsecure.TestCreateCompanyPage@4ced35ed]" started-at="2024-04-03T17:31:04 IST" name="beforeMethod" finished-at="2024-04-03T17:31:10 IST" duration-ms="5712" status="PASS">
          <reporter-output>
          </reporter-output>
        </test-method> <!-- beforeMethod -->
        <test-method signature="testLogIn()[pri:2, instance:com.connectsecure.test.ui.connectsecure.TestCreateCompanyPage@4ced35ed]" started-at="2024-04-03T17:31:10 IST" name="testLogIn" finished-at="2024-04-03T17:31:38 IST" duration-ms="28438" status="PASS">
          <reporter-output>
          </reporter-output>
        </test-method> <!-- testLogIn -->
        <test-method is-config="true" signature="beforeMethod()[pri:0, instance:com.connectsecure.test.ui.connectsecure.TestCreateCompanyPage@4ced35ed]" started-at="2024-04-03T17:31:38 IST" name="beforeMethod" finished-at="2024-04-03T17:31:41 IST" duration-ms="3263" status="PASS">
          <reporter-output>
          </reporter-output>
        </test-method> <!-- beforeMethod -->
        <test-method signature="testCreateCompany()[pri:3, instance:com.connectsecure.test.ui.connectsecure.TestCreateCompanyPage@4ced35ed]" started-at="2024-04-03T17:31:41 IST" name="testCreateCompany" finished-at="2024-04-03T17:31:57 IST" duration-ms="16057" status="PASS">
          <reporter-output>
          </reporter-output>
        </test-method> <!-- testCreateCompany -->
        <test-method is-config="true" signature="afterMethod()[pri:0, instance:com.connectsecure.test.ui.connectsecure.TestCreateCompanyPage@4ced35ed]" started-at="2024-04-03T17:31:57 IST" name="afterMethod" finished-at="2024-04-03T17:31:58 IST" duration-ms="333" status="PASS">
          <reporter-output>
          </reporter-output>
        </test-method> <!-- afterMethod -->
      </class> <!-- com.connectsecure.test.ui.connectsecure.TestCreateCompanyPage -->
    </test> <!-- ReqRes Test Suit -->
  </suite> <!-- tests -->
</testng-results>
